[0.152s] Invoking command in '/home/mg0220/ros2_study/src/build/my_first_package_msgs': CMAKE_PREFIX_PATH=${CMAKE_PREFIX_PATH}:/home/mg0220/ros2_study/install/my_first_package:/opt/ros/humble /usr/bin/cmake --build /home/mg0220/ros2_study/src/build/my_first_package_msgs -- -j20 -l20
[0.179s] [ 10%] Built target my_first_package_msgs__rosidl_generator_c
[0.179s] [ 12%] Built target my_first_package_msgs__cpp
[0.186s] [ 12%] Built target ament_cmake_python_copy_my_first_package_msgs
[0.191s] [ 23%] Built target my_first_package_msgs__rosidl_typesupport_introspection_c
[0.193s] [ 33%] Built target my_first_package_msgs__rosidl_typesupport_c
[0.193s] [ 46%] Built target my_first_package_msgs__rosidl_typesupport_cpp
[0.194s] [ 53%] Built target my_first_package_msgs__rosidl_typesupport_fastrtps_c
[0.195s] [ 64%] Built target my_first_package_msgs__rosidl_typesupport_fastrtps_cpp
[0.196s] [ 74%] Built target my_first_package_msgs__rosidl_typesupport_introspection_cpp
[0.208s] [ 74%] Built target my_first_package_msgs
[0.219s] [ 76%] Built target my_first_package_msgs__py
[0.233s] [ 84%] Built target my_first_package_msgs__rosidl_generator_py
[0.246s] [100%] Built target my_first_package_msgs__rosidl_typesupport_c__pyext
[0.246s] [100%] Built target my_first_package_msgs__rosidl_typesupport_introspection_c__pyext
[0.246s] [100%] Built target my_first_package_msgs__rosidl_typesupport_fastrtps_c__pyext
[0.330s] running egg_info
[0.330s] writing my_first_package_msgs.egg-info/PKG-INFO
[0.331s] writing dependency_links to my_first_package_msgs.egg-info/dependency_links.txt
[0.332s] writing top-level names to my_first_package_msgs.egg-info/top_level.txt
[0.333s] reading manifest file 'my_first_package_msgs.egg-info/SOURCES.txt'
[0.333s] writing manifest file 'my_first_package_msgs.egg-info/SOURCES.txt'
[0.349s] [100%] Built target ament_cmake_python_build_my_first_package_msgs_egg
