[0.150s] Invoking command in '/home/mg0220/ros2_study/src/build/my_first_package_msgs': CMAKE_PREFIX_PATH=${CMAKE_PREFIX_PATH}:/home/mg0220/ros2_study/install/my_first_package:/opt/ros/humble /usr/bin/cmake --build /home/mg0220/ros2_study/src/build/my_first_package_msgs -- -j20 -l20
[0.176s] [  2%] Built target my_first_package_msgs__cpp
[0.177s] [ 12%] Built target my_first_package_msgs__rosidl_generator_c
[0.182s] [ 12%] Built target ament_cmake_python_copy_my_first_package_msgs
[0.189s] [ 23%] Built target my_first_package_msgs__rosidl_typesupport_cpp
[0.190s] [ 33%] Built target my_first_package_msgs__rosidl_typesupport_fastrtps_cpp
[0.190s] [ 43%] Built target my_first_package_msgs__rosidl_typesupport_introspection_cpp
[0.196s] [ 53%] Built target my_first_package_msgs__rosidl_typesupport_fastrtps_c
[0.196s] [ 64%] Built target my_first_package_msgs__rosidl_typesupport_c
[0.196s] [ 74%] Built target my_first_package_msgs__rosidl_typesupport_introspection_c
[0.208s] [ 74%] Built target my_first_package_msgs
[0.219s] [ 76%] Built target my_first_package_msgs__py
[0.231s] [ 84%] Built target my_first_package_msgs__rosidl_generator_py
[0.244s] [ 89%] Built target my_first_package_msgs__rosidl_typesupport_introspection_c__pyext
[0.245s] [ 94%] Built target my_first_package_msgs__rosidl_typesupport_fastrtps_c__pyext
[0.245s] [100%] Built target my_first_package_msgs__rosidl_typesupport_c__pyext
[0.322s] running egg_info
[0.323s] writing my_first_package_msgs.egg-info/PKG-INFO
[0.323s] writing dependency_links to my_first_package_msgs.egg-info/dependency_links.txt
[0.323s] writing top-level names to my_first_package_msgs.egg-info/top_level.txt
[0.324s] reading manifest file 'my_first_package_msgs.egg-info/SOURCES.txt'
[0.325s] writing manifest file 'my_first_package_msgs.egg-info/SOURCES.txt'
[0.340s] [100%] Built target ament_cmake_python_build_my_first_package_msgs_egg
[0.347s] Invoked command in '/home/mg0220/ros2_study/src/build/my_first_package_msgs' returned '0': CMAKE_PREFIX_PATH=${CMAKE_PREFIX_PATH}:/home/mg0220/ros2_study/install/my_first_package:/opt/ros/humble /usr/bin/cmake --build /home/mg0220/ros2_study/src/build/my_first_package_msgs -- -j20 -l20
[0.352s] Invoking command in '/home/mg0220/ros2_study/src/build/my_first_package_msgs': CMAKE_PREFIX_PATH=${CMAKE_PREFIX_PATH}:/home/mg0220/ros2_study/install/my_first_package:/opt/ros/humble /usr/bin/cmake --install /home/mg0220/ros2_study/src/build/my_first_package_msgs
[0.357s] -- Install configuration: ""
[0.358s] -- Up-to-date: /home/mg0220/ros2_study/src/install/my_first_package_msgs/share/ament_index/resource_index/rosidl_interfaces/my_first_package_msgs
[0.359s] -- Up-to-date: /home/mg0220/ros2_study/src/install/my_first_package_msgs/include/my_first_package_msgs/my_first_package_msgs
[0.359s] -- Up-to-date: /home/mg0220/ros2_study/src/install/my_first_package_msgs/include/my_first_package_msgs/my_first_package_msgs/msg
[0.359s] -- Up-to-date: /home/mg0220/ros2_study/src/install/my_first_package_msgs/include/my_first_package_msgs/my_first_package_msgs/msg/detail
[0.359s] -- Up-to-date: /home/mg0220/ros2_study/src/install/my_first_package_msgs/include/my_first_package_msgs/my_first_package_msgs/msg/detail/cmd_and_pose_vel__functions.c
[0.360s] -- Up-to-date: /home/mg0220/ros2_study/src/install/my_first_package_msgs/include/my_first_package_msgs/my_first_package_msgs/msg/detail/cmd_and_pose_vel__struct.h
[0.360s] -- Up-to-date: /home/mg0220/ros2_study/src/install/my_first_package_msgs/include/my_first_package_msgs/my_first_package_msgs/msg/detail/cmd_and_pose_vel__functions.h
[0.360s] -- Up-to-date: /home/mg0220/ros2_study/src/install/my_first_package_msgs/include/my_first_package_msgs/my_first_package_msgs/msg/detail/cmd_and_pose_vel__type_support.h
[0.360s] -- Up-to-date: /home/mg0220/ros2_study/src/install/my_first_package_msgs/include/my_first_package_msgs/my_first_package_msgs/msg/rosidl_generator_c__visibility_control.h
[0.360s] -- Up-to-date: /home/mg0220/ros2_study/src/install/my_first_package_msgs/include/my_first_package_msgs/my_first_package_msgs/msg/cmd_and_pose_vel.h
[0.360s] -- Up-to-date: /home/mg0220/ros2_study/src/install/my_first_package_msgs/include/my_first_package_msgs/my_first_package_msgs/action
[0.360s] -- Up-to-date: /home/mg0220/ros2_study/src/install/my_first_package_msgs/include/my_first_package_msgs/my_first_package_msgs/action/detail
[0.360s] -- Up-to-date: /home/mg0220/ros2_study/src/install/my_first_package_msgs/include/my_first_package_msgs/my_first_package_msgs/action/detail/dist_turtle__functions.h
[0.360s] -- Up-to-date: /home/mg0220/ros2_study/src/install/my_first_package_msgs/include/my_first_package_msgs/my_first_package_msgs/action/detail/dist_turtle__struct.h
[0.360s] -- Up-to-date: /home/mg0220/ros2_study/src/install/my_first_package_msgs/include/my_first_package_msgs/my_first_package_msgs/action/detail/dist_turtle__type_support.h
[0.360s] -- Up-to-date: /home/mg0220/ros2_study/src/install/my_first_package_msgs/include/my_first_package_msgs/my_first_package_msgs/action/detail/dist_turtle__functions.c
[0.360s] -- Up-to-date: /home/mg0220/ros2_study/src/install/my_first_package_msgs/include/my_first_package_msgs/my_first_package_msgs/action/dist_turtle.h
[0.360s] -- Up-to-date: /home/mg0220/ros2_study/src/install/my_first_package_msgs/share/my_first_package_msgs/environment/library_path.sh
[0.361s] -- Up-to-date: /home/mg0220/ros2_study/src/install/my_first_package_msgs/share/my_first_package_msgs/environment/library_path.dsv
[0.361s] -- Up-to-date: /home/mg0220/ros2_study/src/install/my_first_package_msgs/lib/libmy_first_package_msgs__rosidl_generator_c.so
[0.361s] -- Up-to-date: /home/mg0220/ros2_study/src/install/my_first_package_msgs/include/my_first_package_msgs/my_first_package_msgs
[0.361s] -- Up-to-date: /home/mg0220/ros2_study/src/install/my_first_package_msgs/include/my_first_package_msgs/my_first_package_msgs/msg
[0.361s] -- Up-to-date: /home/mg0220/ros2_study/src/install/my_first_package_msgs/include/my_first_package_msgs/my_first_package_msgs/msg/detail
[0.361s] -- Up-to-date: /home/mg0220/ros2_study/src/install/my_first_package_msgs/include/my_first_package_msgs/my_first_package_msgs/msg/detail/cmd_and_pose_vel__rosidl_typesupport_fastrtps_c.h
[0.361s] -- Up-to-date: /home/mg0220/ros2_study/src/install/my_first_package_msgs/include/my_first_package_msgs/my_first_package_msgs/msg/rosidl_typesupport_fastrtps_c__visibility_control.h
[0.361s] -- Up-to-date: /home/mg0220/ros2_study/src/install/my_first_package_msgs/include/my_first_package_msgs/my_first_package_msgs/action
[0.361s] -- Up-to-date: /home/mg0220/ros2_study/src/install/my_first_package_msgs/include/my_first_package_msgs/my_first_package_msgs/action/detail
[0.361s] -- Up-to-date: /home/mg0220/ros2_study/src/install/my_first_package_msgs/include/my_first_package_msgs/my_first_package_msgs/action/detail/dist_turtle__rosidl_typesupport_fastrtps_c.h
[0.361s] -- Up-to-date: /home/mg0220/ros2_study/src/install/my_first_package_msgs/lib/libmy_first_package_msgs__rosidl_typesupport_fastrtps_c.so
[0.361s] -- Up-to-date: /home/mg0220/ros2_study/src/install/my_first_package_msgs/include/my_first_package_msgs/my_first_package_msgs
[0.361s] -- Up-to-date: /home/mg0220/ros2_study/src/install/my_first_package_msgs/include/my_first_package_msgs/my_first_package_msgs/msg
[0.361s] -- Up-to-date: /home/mg0220/ros2_study/src/install/my_first_package_msgs/include/my_first_package_msgs/my_first_package_msgs/msg/detail
[0.361s] -- Up-to-date: /home/mg0220/ros2_study/src/install/my_first_package_msgs/include/my_first_package_msgs/my_first_package_msgs/msg/detail/cmd_and_pose_vel__type_support.c
[0.361s] -- Up-to-date: /home/mg0220/ros2_study/src/install/my_first_package_msgs/include/my_first_package_msgs/my_first_package_msgs/msg/detail/cmd_and_pose_vel__rosidl_typesupport_introspection_c.h
[0.361s] -- Up-to-date: /home/mg0220/ros2_study/src/install/my_first_package_msgs/include/my_first_package_msgs/my_first_package_msgs/msg/rosidl_typesupport_introspection_c__visibility_control.h
[0.361s] -- Up-to-date: /home/mg0220/ros2_study/src/install/my_first_package_msgs/include/my_first_package_msgs/my_first_package_msgs/action
[0.361s] -- Up-to-date: /home/mg0220/ros2_study/src/install/my_first_package_msgs/include/my_first_package_msgs/my_first_package_msgs/action/detail
[0.362s] -- Up-to-date: /home/mg0220/ros2_study/src/install/my_first_package_msgs/include/my_first_package_msgs/my_first_package_msgs/action/detail/dist_turtle__type_support.c
[0.362s] -- Up-to-date: /home/mg0220/ros2_study/src/install/my_first_package_msgs/include/my_first_package_msgs/my_first_package_msgs/action/detail/dist_turtle__rosidl_typesupport_introspection_c.h
[0.362s] -- Up-to-date: /home/mg0220/ros2_study/src/install/my_first_package_msgs/lib/libmy_first_package_msgs__rosidl_typesupport_introspection_c.so
[0.362s] -- Up-to-date: /home/mg0220/ros2_study/src/install/my_first_package_msgs/lib/libmy_first_package_msgs__rosidl_typesupport_c.so
[0.362s] -- Up-to-date: /home/mg0220/ros2_study/src/install/my_first_package_msgs/include/my_first_package_msgs/my_first_package_msgs
[0.362s] -- Up-to-date: /home/mg0220/ros2_study/src/install/my_first_package_msgs/include/my_first_package_msgs/my_first_package_msgs/msg
[0.362s] -- Up-to-date: /home/mg0220/ros2_study/src/install/my_first_package_msgs/include/my_first_package_msgs/my_first_package_msgs/msg/detail
[0.362s] -- Up-to-date: /home/mg0220/ros2_study/src/install/my_first_package_msgs/include/my_first_package_msgs/my_first_package_msgs/msg/detail/cmd_and_pose_vel__traits.hpp
[0.362s] -- Up-to-date: /home/mg0220/ros2_study/src/install/my_first_package_msgs/include/my_first_package_msgs/my_first_package_msgs/msg/detail/cmd_and_pose_vel__struct.hpp
[0.362s] -- Up-to-date: /home/mg0220/ros2_study/src/install/my_first_package_msgs/include/my_first_package_msgs/my_first_package_msgs/msg/detail/cmd_and_pose_vel__builder.hpp
[0.362s] -- Up-to-date: /home/mg0220/ros2_study/src/install/my_first_package_msgs/include/my_first_package_msgs/my_first_package_msgs/msg/detail/cmd_and_pose_vel__type_support.hpp
[0.362s] -- Up-to-date: /home/mg0220/ros2_study/src/install/my_first_package_msgs/include/my_first_package_msgs/my_first_package_msgs/msg/rosidl_generator_cpp__visibility_control.hpp
[0.362s] -- Up-to-date: /home/mg0220/ros2_study/src/install/my_first_package_msgs/include/my_first_package_msgs/my_first_package_msgs/msg/cmd_and_pose_vel.hpp
[0.363s] -- Up-to-date: /home/mg0220/ros2_study/src/install/my_first_package_msgs/include/my_first_package_msgs/my_first_package_msgs/action
[0.363s] -- Up-to-date: /home/mg0220/ros2_study/src/install/my_first_package_msgs/include/my_first_package_msgs/my_first_package_msgs/action/detail
[0.363s] -- Up-to-date: /home/mg0220/ros2_study/src/install/my_first_package_msgs/include/my_first_package_msgs/my_first_package_msgs/action/detail/dist_turtle__builder.hpp
[0.363s] -- Up-to-date: /home/mg0220/ros2_study/src/install/my_first_package_msgs/include/my_first_package_msgs/my_first_package_msgs/action/detail/dist_turtle__traits.hpp
[0.363s] -- Up-to-date: /home/mg0220/ros2_study/src/install/my_first_package_msgs/include/my_first_package_msgs/my_first_package_msgs/action/detail/dist_turtle__type_support.hpp
[0.363s] -- Up-to-date: /home/mg0220/ros2_study/src/install/my_first_package_msgs/include/my_first_package_msgs/my_first_package_msgs/action/detail/dist_turtle__struct.hpp
[0.363s] -- Up-to-date: /home/mg0220/ros2_study/src/install/my_first_package_msgs/include/my_first_package_msgs/my_first_package_msgs/action/dist_turtle.hpp
[0.363s] -- Up-to-date: /home/mg0220/ros2_study/src/install/my_first_package_msgs/include/my_first_package_msgs/my_first_package_msgs
[0.363s] -- Up-to-date: /home/mg0220/ros2_study/src/install/my_first_package_msgs/include/my_first_package_msgs/my_first_package_msgs/msg
[0.363s] -- Up-to-date: /home/mg0220/ros2_study/src/install/my_first_package_msgs/include/my_first_package_msgs/my_first_package_msgs/msg/detail
[0.363s] -- Up-to-date: /home/mg0220/ros2_study/src/install/my_first_package_msgs/include/my_first_package_msgs/my_first_package_msgs/msg/detail/cmd_and_pose_vel__rosidl_typesupport_fastrtps_cpp.hpp
[0.363s] -- Up-to-date: /home/mg0220/ros2_study/src/install/my_first_package_msgs/include/my_first_package_msgs/my_first_package_msgs/msg/detail/dds_fastrtps
[0.363s] -- Up-to-date: /home/mg0220/ros2_study/src/install/my_first_package_msgs/include/my_first_package_msgs/my_first_package_msgs/msg/rosidl_typesupport_fastrtps_cpp__visibility_control.h
[0.363s] -- Up-to-date: /home/mg0220/ros2_study/src/install/my_first_package_msgs/include/my_first_package_msgs/my_first_package_msgs/action
[0.364s] -- Up-to-date: /home/mg0220/ros2_study/src/install/my_first_package_msgs/include/my_first_package_msgs/my_first_package_msgs/action/detail
[0.364s] -- Up-to-date: /home/mg0220/ros2_study/src/install/my_first_package_msgs/include/my_first_package_msgs/my_first_package_msgs/action/detail/dist_turtle__rosidl_typesupport_fastrtps_cpp.hpp
[0.364s] -- Up-to-date: /home/mg0220/ros2_study/src/install/my_first_package_msgs/include/my_first_package_msgs/my_first_package_msgs/action/detail/dds_fastrtps
[0.364s] -- Up-to-date: /home/mg0220/ros2_study/src/install/my_first_package_msgs/lib/libmy_first_package_msgs__rosidl_typesupport_fastrtps_cpp.so
[0.364s] -- Up-to-date: /home/mg0220/ros2_study/src/install/my_first_package_msgs/include/my_first_package_msgs/my_first_package_msgs
[0.364s] -- Up-to-date: /home/mg0220/ros2_study/src/install/my_first_package_msgs/include/my_first_package_msgs/my_first_package_msgs/msg
[0.364s] -- Up-to-date: /home/mg0220/ros2_study/src/install/my_first_package_msgs/include/my_first_package_msgs/my_first_package_msgs/msg/detail
[0.364s] -- Up-to-date: /home/mg0220/ros2_study/src/install/my_first_package_msgs/include/my_first_package_msgs/my_first_package_msgs/msg/detail/cmd_and_pose_vel__rosidl_typesupport_introspection_cpp.hpp
[0.364s] -- Up-to-date: /home/mg0220/ros2_study/src/install/my_first_package_msgs/include/my_first_package_msgs/my_first_package_msgs/msg/detail/cmd_and_pose_vel__type_support.cpp
[0.364s] -- Up-to-date: /home/mg0220/ros2_study/src/install/my_first_package_msgs/include/my_first_package_msgs/my_first_package_msgs/action
[0.364s] -- Up-to-date: /home/mg0220/ros2_study/src/install/my_first_package_msgs/include/my_first_package_msgs/my_first_package_msgs/action/detail
[0.364s] -- Up-to-date: /home/mg0220/ros2_study/src/install/my_first_package_msgs/include/my_first_package_msgs/my_first_package_msgs/action/detail/dist_turtle__rosidl_typesupport_introspection_cpp.hpp
[0.364s] -- Up-to-date: /home/mg0220/ros2_study/src/install/my_first_package_msgs/include/my_first_package_msgs/my_first_package_msgs/action/detail/dist_turtle__type_support.cpp
[0.364s] -- Up-to-date: /home/mg0220/ros2_study/src/install/my_first_package_msgs/lib/libmy_first_package_msgs__rosidl_typesupport_introspection_cpp.so
[0.364s] -- Up-to-date: /home/mg0220/ros2_study/src/install/my_first_package_msgs/lib/libmy_first_package_msgs__rosidl_typesupport_cpp.so
[0.364s] -- Up-to-date: /home/mg0220/ros2_study/src/install/my_first_package_msgs/share/my_first_package_msgs/environment/pythonpath.sh
[0.364s] -- Up-to-date: /home/mg0220/ros2_study/src/install/my_first_package_msgs/share/my_first_package_msgs/environment/pythonpath.dsv
[0.364s] -- Up-to-date: /home/mg0220/ros2_study/src/install/my_first_package_msgs/local/lib/python3.10/dist-packages/my_first_package_msgs-0.0.0-py3.10.egg-info
[0.364s] -- Installing: /home/mg0220/ros2_study/src/install/my_first_package_msgs/local/lib/python3.10/dist-packages/my_first_package_msgs-0.0.0-py3.10.egg-info/SOURCES.txt
[0.364s] -- Installing: /home/mg0220/ros2_study/src/install/my_first_package_msgs/local/lib/python3.10/dist-packages/my_first_package_msgs-0.0.0-py3.10.egg-info/PKG-INFO
[0.364s] -- Installing: /home/mg0220/ros2_study/src/install/my_first_package_msgs/local/lib/python3.10/dist-packages/my_first_package_msgs-0.0.0-py3.10.egg-info/top_level.txt
[0.364s] -- Installing: /home/mg0220/ros2_study/src/install/my_first_package_msgs/local/lib/python3.10/dist-packages/my_first_package_msgs-0.0.0-py3.10.egg-info/dependency_links.txt
[0.364s] -- Up-to-date: /home/mg0220/ros2_study/src/install/my_first_package_msgs/local/lib/python3.10/dist-packages/my_first_package_msgs
[0.364s] -- Up-to-date: /home/mg0220/ros2_study/src/install/my_first_package_msgs/local/lib/python3.10/dist-packages/my_first_package_msgs/_my_first_package_msgs_s.ep.rosidl_typesupport_fastrtps_c.c
[0.364s] -- Up-to-date: /home/mg0220/ros2_study/src/install/my_first_package_msgs/local/lib/python3.10/dist-packages/my_first_package_msgs/my_first_package_msgs_s__rosidl_typesupport_introspection_c.cpython-310-x86_64-linux-gnu.so
[0.364s] -- Up-to-date: /home/mg0220/ros2_study/src/install/my_first_package_msgs/local/lib/python3.10/dist-packages/my_first_package_msgs/_my_first_package_msgs_s.ep.rosidl_typesupport_introspection_c.c
[0.364s] -- Up-to-date: /home/mg0220/ros2_study/src/install/my_first_package_msgs/local/lib/python3.10/dist-packages/my_first_package_msgs/libmy_first_package_msgs__rosidl_generator_py.so
[0.364s] -- Up-to-date: /home/mg0220/ros2_study/src/install/my_first_package_msgs/local/lib/python3.10/dist-packages/my_first_package_msgs/msg
[0.364s] -- Up-to-date: /home/mg0220/ros2_study/src/install/my_first_package_msgs/local/lib/python3.10/dist-packages/my_first_package_msgs/msg/_cmd_and_pose_vel.py
[0.364s] -- Up-to-date: /home/mg0220/ros2_study/src/install/my_first_package_msgs/local/lib/python3.10/dist-packages/my_first_package_msgs/msg/_cmd_and_pose_vel_s.c
[0.364s] -- Up-to-date: /home/mg0220/ros2_study/src/install/my_first_package_msgs/local/lib/python3.10/dist-packages/my_first_package_msgs/msg/__init__.py
[0.364s] -- Up-to-date: /home/mg0220/ros2_study/src/install/my_first_package_msgs/local/lib/python3.10/dist-packages/my_first_package_msgs/__init__.py
[0.364s] -- Up-to-date: /home/mg0220/ros2_study/src/install/my_first_package_msgs/local/lib/python3.10/dist-packages/my_first_package_msgs/my_first_package_msgs_s__rosidl_typesupport_fastrtps_c.cpython-310-x86_64-linux-gnu.so
[0.364s] -- Up-to-date: /home/mg0220/ros2_study/src/install/my_first_package_msgs/local/lib/python3.10/dist-packages/my_first_package_msgs/my_first_package_msgs_s__rosidl_typesupport_c.cpython-310-x86_64-linux-gnu.so
[0.364s] -- Up-to-date: /home/mg0220/ros2_study/src/install/my_first_package_msgs/local/lib/python3.10/dist-packages/my_first_package_msgs/action
[0.364s] -- Up-to-date: /home/mg0220/ros2_study/src/install/my_first_package_msgs/local/lib/python3.10/dist-packages/my_first_package_msgs/action/__init__.py
[0.364s] -- Up-to-date: /home/mg0220/ros2_study/src/install/my_first_package_msgs/local/lib/python3.10/dist-packages/my_first_package_msgs/action/_dist_turtle.py
[0.365s] -- Up-to-date: /home/mg0220/ros2_study/src/install/my_first_package_msgs/local/lib/python3.10/dist-packages/my_first_package_msgs/action/_dist_turtle_s.c
[0.365s] -- Up-to-date: /home/mg0220/ros2_study/src/install/my_first_package_msgs/local/lib/python3.10/dist-packages/my_first_package_msgs/_my_first_package_msgs_s.ep.rosidl_typesupport_c.c
[0.381s] Listing '/home/mg0220/ros2_study/src/install/my_first_package_msgs/local/lib/python3.10/dist-packages/my_first_package_msgs'...
[0.381s] Listing '/home/mg0220/ros2_study/src/install/my_first_package_msgs/local/lib/python3.10/dist-packages/my_first_package_msgs/action'...
[0.381s] Listing '/home/mg0220/ros2_study/src/install/my_first_package_msgs/local/lib/python3.10/dist-packages/my_first_package_msgs/msg'...
[0.384s] -- Up-to-date: /home/mg0220/ros2_study/src/install/my_first_package_msgs/local/lib/python3.10/dist-packages/my_first_package_msgs/my_first_package_msgs_s__rosidl_typesupport_fastrtps_c.cpython-310-x86_64-linux-gnu.so
[0.384s] -- Up-to-date: /home/mg0220/ros2_study/src/install/my_first_package_msgs/local/lib/python3.10/dist-packages/my_first_package_msgs/my_first_package_msgs_s__rosidl_typesupport_introspection_c.cpython-310-x86_64-linux-gnu.so
[0.384s] -- Up-to-date: /home/mg0220/ros2_study/src/install/my_first_package_msgs/local/lib/python3.10/dist-packages/my_first_package_msgs/my_first_package_msgs_s__rosidl_typesupport_c.cpython-310-x86_64-linux-gnu.so
[0.384s] -- Up-to-date: /home/mg0220/ros2_study/src/install/my_first_package_msgs/lib/libmy_first_package_msgs__rosidl_generator_py.so
[0.384s] -- Up-to-date: /home/mg0220/ros2_study/src/install/my_first_package_msgs/share/my_first_package_msgs/msg/CmdAndPoseVel.idl
[0.384s] -- Up-to-date: /home/mg0220/ros2_study/src/install/my_first_package_msgs/share/my_first_package_msgs/action/DistTurtle.idl
[0.384s] -- Up-to-date: /home/mg0220/ros2_study/src/install/my_first_package_msgs/share/my_first_package_msgs/msg/CmdAndPoseVel.msg
[0.384s] -- Up-to-date: /home/mg0220/ros2_study/src/install/my_first_package_msgs/share/my_first_package_msgs/action/DistTurtle.action
[0.384s] [31mCMake Error at cmake_install.cmake:375 (file):
[0.385s]   file INSTALL cannot find
[0.385s]   "/home/mg0220/ros2_study/src/my_first_package_msgs/launch": No such file or
[0.385s]   directory.
[0.385s] 
[0.385s] [0m
[0.386s] Invoked command in '/home/mg0220/ros2_study/src/build/my_first_package_msgs' returned '1': CMAKE_PREFIX_PATH=${CMAKE_PREFIX_PATH}:/home/mg0220/ros2_study/install/my_first_package:/opt/ros/humble /usr/bin/cmake --install /home/mg0220/ros2_study/src/build/my_first_package_msgs
