[0.397s] Invoking command in '/home/mg0220/ros2_study/build/my_first_package': PYTHONPATH=/home/mg0220/ros2_study/build/my_first_package/prefix_override:/usr/lib/python3/dist-packages/colcon_core/task/python/colcon_distutils_commands:/home/mg0220/ros2_study/install/my_first_package/lib/python3.10/site-packages:${PYTHONPATH} /usr/bin/python3 -W ignore:setup.py install is deprecated -W ignore:easy_install command is deprecated setup.py develop --editable --build-directory /home/mg0220/ros2_study/build/my_first_package/build --no-deps symlink_data
[0.538s] running develop
[0.632s] running egg_info
[0.632s] creating my_first_package.egg-info
[0.632s] writing my_first_package.egg-info/PKG-INFO
[0.633s] writing dependency_links to my_first_package.egg-info/dependency_links.txt
[0.633s] writing entry points to my_first_package.egg-info/entry_points.txt
[0.633s] writing requirements to my_first_package.egg-info/requires.txt
[0.633s] writing top-level names to my_first_package.egg-info/top_level.txt
[0.633s] writing manifest file 'my_first_package.egg-info/SOURCES.txt'
[0.634s] reading manifest file 'my_first_package.egg-info/SOURCES.txt'
[0.634s] writing manifest file 'my_first_package.egg-info/SOURCES.txt'
[0.635s] running build_ext
[0.635s] Creating /home/mg0220/ros2_study/install/my_first_package/lib/python3.10/site-packages/my-first-package.egg-link (link to .)
[0.636s] Installing dist_turtle_action_server script to /home/mg0220/ros2_study/install/my_first_package/lib/my_first_package
[0.636s] Installing my_first_node script to /home/mg0220/ros2_study/install/my_first_package/lib/my_first_package
[0.636s] Installing my_multi_thread script to /home/mg0220/ros2_study/install/my_first_package/lib/my_first_package
[0.636s] Installing my_publisher script to /home/mg0220/ros2_study/install/my_first_package/lib/my_first_package
[0.636s] Installing my_subscriber script to /home/mg0220/ros2_study/install/my_first_package/lib/my_first_package
[0.636s] Installing turtle_cmd_and_pose script to /home/mg0220/ros2_study/install/my_first_package/lib/my_first_package
[0.636s] 
[0.636s] Installed /home/mg0220/ros2_study/build/my_first_package
[0.636s] running symlink_data
[0.636s] creating /home/mg0220/ros2_study/install/my_first_package/share/ament_index
[0.637s] creating /home/mg0220/ros2_study/install/my_first_package/share/ament_index/resource_index
[0.637s] creating /home/mg0220/ros2_study/install/my_first_package/share/ament_index/resource_index/packages
[0.637s] symbolically linking /home/mg0220/ros2_study/build/my_first_package/resource/my_first_package -> /home/mg0220/ros2_study/install/my_first_package/share/ament_index/resource_index/packages
[0.637s] symbolically linking /home/mg0220/ros2_study/build/my_first_package/package.xml -> /home/mg0220/ros2_study/install/my_first_package/share/my_first_package
[0.637s] creating /home/mg0220/ros2_study/install/my_first_package/share/my_first_package/launch
[0.654s] Invoked command in '/home/mg0220/ros2_study/build/my_first_package' returned '0': PYTHONPATH=/home/mg0220/ros2_study/build/my_first_package/prefix_override:/usr/lib/python3/dist-packages/colcon_core/task/python/colcon_distutils_commands:/home/mg0220/ros2_study/install/my_first_package/lib/python3.10/site-packages:${PYTHONPATH} /usr/bin/python3 -W ignore:setup.py install is deprecated -W ignore:easy_install command is deprecated setup.py develop --editable --build-directory /home/mg0220/ros2_study/build/my_first_package/build --no-deps symlink_data
