[0.346s] Invoking command in '/home/mg0220/ros2_study/src/my_first_package': PYTHONPATH=/home/mg0220/ros2_study/src/build/my_first_package/prefix_override:/usr/lib/python3/dist-packages/colcon_core/task/python/colcon_distutils_commands:/home/mg0220/ros2_study/src/install/my_first_package/lib/python3.10/site-packages:${PYTHONPATH} /usr/bin/python3 -W ignore:setup.py install is deprecated -W ignore:easy_install command is deprecated setup.py egg_info --egg-base ../build/my_first_package build --build-base /home/mg0220/ros2_study/src/build/my_first_package/build install --record /home/mg0220/ros2_study/src/build/my_first_package/install.log --single-version-externally-managed install_data
[0.477s] running egg_info
[0.478s] writing ../build/my_first_package/my_first_package.egg-info/PKG-INFO
[0.478s] writing dependency_links to ../build/my_first_package/my_first_package.egg-info/dependency_links.txt
[0.478s] writing entry points to ../build/my_first_package/my_first_package.egg-info/entry_points.txt
[0.478s] writing requirements to ../build/my_first_package/my_first_package.egg-info/requires.txt
[0.478s] writing top-level names to ../build/my_first_package/my_first_package.egg-info/top_level.txt
[0.480s] reading manifest file '../build/my_first_package/my_first_package.egg-info/SOURCES.txt'
[0.480s] writing manifest file '../build/my_first_package/my_first_package.egg-info/SOURCES.txt'
[0.480s] running build
[0.480s] running build_py
[0.481s] running install
[0.481s] running install_lib
[0.482s] running install_data
[0.482s] running install_egg_info
[0.483s] removing '/home/mg0220/ros2_study/src/install/my_first_package/lib/python3.10/site-packages/my_first_package-0.0.0-py3.10.egg-info' (and everything under it)
[0.483s] Copying ../build/my_first_package/my_first_package.egg-info to /home/mg0220/ros2_study/src/install/my_first_package/lib/python3.10/site-packages/my_first_package-0.0.0-py3.10.egg-info
[0.484s] running install_scripts
[0.496s] Installing dist_turtle_action_server script to /home/mg0220/ros2_study/src/install/my_first_package/lib/my_first_package
[0.496s] Installing my_first_node script to /home/mg0220/ros2_study/src/install/my_first_package/lib/my_first_package
[0.496s] Installing my_multi_thread script to /home/mg0220/ros2_study/src/install/my_first_package/lib/my_first_package
[0.496s] Installing my_publisher script to /home/mg0220/ros2_study/src/install/my_first_package/lib/my_first_package
[0.496s] Installing my_subscriber script to /home/mg0220/ros2_study/src/install/my_first_package/lib/my_first_package
[0.497s] Installing turtle_cmd_and_pose script to /home/mg0220/ros2_study/src/install/my_first_package/lib/my_first_package
[0.497s] writing list of installed files to '/home/mg0220/ros2_study/src/build/my_first_package/install.log'
[0.511s] Invoked command in '/home/mg0220/ros2_study/src/my_first_package' returned '0': PYTHONPATH=/home/mg0220/ros2_study/src/build/my_first_package/prefix_override:/usr/lib/python3/dist-packages/colcon_core/task/python/colcon_distutils_commands:/home/mg0220/ros2_study/src/install/my_first_package/lib/python3.10/site-packages:${PYTHONPATH} /usr/bin/python3 -W ignore:setup.py install is deprecated -W ignore:easy_install command is deprecated setup.py egg_info --egg-base ../build/my_first_package build --build-base /home/mg0220/ros2_study/src/build/my_first_package/build install --record /home/mg0220/ros2_study/src/build/my_first_package/install.log --single-version-externally-managed install_data
