[0.145s] Invoking command in '/home/mg0220/ros2_study/src/build/my_first_package_msgs': CMAKE_PREFIX_PATH=${CMAKE_PREFIX_PATH}:/home/mg0220/ros2_study/install/my_first_package:/opt/ros/humble /usr/bin/cmake --build /home/mg0220/ros2_study/src/build/my_first_package_msgs -- -j20 -l20
[0.159s] -- Found ament_cmake: 1.3.12 (/opt/ros/humble/share/ament_cmake/cmake)
[0.233s] -- Found rosidl_default_generators: 1.2.0 (/opt/ros/humble/share/rosidl_default_generators/cmake)
[0.234s] -- Using all available rosidl_typesupport_c: rosidl_typesupport_fastrtps_c;rosidl_typesupport_introspection_c
[0.236s] -- Found rosidl_adapter: 3.1.7 (/opt/ros/humble/share/rosidl_adapter/cmake)
[0.288s] -- Using all available rosidl_typesupport_cpp: rosidl_typesupport_fastrtps_cpp;rosidl_typesupport_introspection_cpp
[0.483s] -- Found ament_cmake_ros: 0.10.0 (/opt/ros/humble/share/ament_cmake_ros/cmake)
[0.593s] -- Using all available rosidl_typesupport_c: rosidl_typesupport_fastrtps_c;rosidl_typesupport_introspection_c
[0.735s] -- Using all available rosidl_typesupport_cpp: rosidl_typesupport_fastrtps_cpp;rosidl_typesupport_introspection_cpp
[0.747s] -- Found python_cmake_module: 0.10.0 (/opt/ros/humble/share/python_cmake_module/cmake)
[0.760s] -- Using PYTHON_EXECUTABLE: /usr/bin/python3
[0.760s] -- Using PYTHON_INCLUDE_DIRS: /usr/include/python3.10
[0.760s] -- Using PYTHON_LIBRARIES: /usr/lib/x86_64-linux-gnu/libpython3.10.so
[0.770s] -- Found ament_lint_auto: 0.12.14 (/opt/ros/humble/share/ament_lint_auto/cmake)
[0.774s] -- Added test 'lint_cmake' to check CMake code style
[0.775s] -- Added test 'xmllint' to check XML markup files
[0.776s] -- Configuring done
[0.794s] -- Generating done
[0.801s] -- Build files have been written to: /home/mg0220/ros2_study/src/build/my_first_package_msgs
[0.815s] [35m[1mConsolidate compiler generated dependencies of target my_first_package_msgs__rosidl_generator_c[0m
[0.820s] [  2%] Built target my_first_package_msgs__cpp
[0.821s] [ 12%] Built target my_first_package_msgs__rosidl_generator_c
[0.825s] [ 12%] Built target ament_cmake_python_copy_my_first_package_msgs
[0.826s] [35m[1mConsolidate compiler generated dependencies of target my_first_package_msgs__rosidl_typesupport_cpp[0m
[0.826s] [35m[1mConsolidate compiler generated dependencies of target my_first_package_msgs__rosidl_typesupport_fastrtps_cpp[0m
[0.826s] [35m[1mConsolidate compiler generated dependencies of target my_first_package_msgs__rosidl_typesupport_introspection_cpp[0m
[0.832s] [35m[1mConsolidate compiler generated dependencies of target my_first_package_msgs__rosidl_typesupport_introspection_c[0m
[0.832s] [35m[1mConsolidate compiler generated dependencies of target my_first_package_msgs__rosidl_typesupport_c[0m
[0.832s] [35m[1mConsolidate compiler generated dependencies of target my_first_package_msgs__rosidl_typesupport_fastrtps_c[0m
[0.834s] [ 23%] Built target my_first_package_msgs__rosidl_typesupport_fastrtps_cpp
[0.834s] [ 33%] Built target my_first_package_msgs__rosidl_typesupport_cpp
[0.836s] [ 43%] Built target my_first_package_msgs__rosidl_typesupport_introspection_cpp
[0.838s] [ 64%] Built target my_first_package_msgs__rosidl_typesupport_introspection_c
[0.838s] [ 61%] Built target my_first_package_msgs__rosidl_typesupport_c
[0.840s] [ 74%] Built target my_first_package_msgs__rosidl_typesupport_fastrtps_c
[0.851s] [ 74%] Built target my_first_package_msgs
[0.862s] [ 76%] Built target my_first_package_msgs__py
[0.868s] [35m[1mConsolidate compiler generated dependencies of target my_first_package_msgs__rosidl_generator_py[0m
[0.875s] [ 84%] Built target my_first_package_msgs__rosidl_generator_py
[0.881s] [35m[1mConsolidate compiler generated dependencies of target my_first_package_msgs__rosidl_typesupport_fastrtps_c__pyext[0m
[0.881s] [35m[1mConsolidate compiler generated dependencies of target my_first_package_msgs__rosidl_typesupport_introspection_c__pyext[0m
[0.882s] [35m[1mConsolidate compiler generated dependencies of target my_first_package_msgs__rosidl_typesupport_c__pyext[0m
[0.888s] [100%] Built target my_first_package_msgs__rosidl_typesupport_c__pyext
[0.888s] [100%] Built target my_first_package_msgs__rosidl_typesupport_fastrtps_c__pyext
[0.888s] [100%] Built target my_first_package_msgs__rosidl_typesupport_introspection_c__pyext
[0.965s] running egg_info
[0.966s] writing my_first_package_msgs.egg-info/PKG-INFO
[0.966s] writing dependency_links to my_first_package_msgs.egg-info/dependency_links.txt
[0.966s] writing top-level names to my_first_package_msgs.egg-info/top_level.txt
[0.967s] reading manifest file 'my_first_package_msgs.egg-info/SOURCES.txt'
[0.968s] writing manifest file 'my_first_package_msgs.egg-info/SOURCES.txt'
[0.982s] [100%] Built target ament_cmake_python_build_my_first_package_msgs_egg
[0.989s] Invoked command in '/home/mg0220/ros2_study/src/build/my_first_package_msgs' returned '0': CMAKE_PREFIX_PATH=${CMAKE_PREFIX_PATH}:/home/mg0220/ros2_study/install/my_first_package:/opt/ros/humble /usr/bin/cmake --build /home/mg0220/ros2_study/src/build/my_first_package_msgs -- -j20 -l20
[0.994s] Invoking command in '/home/mg0220/ros2_study/src/build/my_first_package_msgs': CMAKE_PREFIX_PATH=${CMAKE_PREFIX_PATH}:/home/mg0220/ros2_study/install/my_first_package:/opt/ros/humble /usr/bin/cmake --install /home/mg0220/ros2_study/src/build/my_first_package_msgs
[0.999s] -- Install configuration: ""
[0.999s] -- Up-to-date: /home/mg0220/ros2_study/src/install/my_first_package_msgs/share/ament_index/resource_index/rosidl_interfaces/my_first_package_msgs
[0.999s] -- Up-to-date: /home/mg0220/ros2_study/src/install/my_first_package_msgs/include/my_first_package_msgs/my_first_package_msgs
[0.999s] -- Up-to-date: /home/mg0220/ros2_study/src/install/my_first_package_msgs/include/my_first_package_msgs/my_first_package_msgs/msg
[0.999s] -- Up-to-date: /home/mg0220/ros2_study/src/install/my_first_package_msgs/include/my_first_package_msgs/my_first_package_msgs/msg/detail
[0.999s] -- Up-to-date: /home/mg0220/ros2_study/src/install/my_first_package_msgs/include/my_first_package_msgs/my_first_package_msgs/msg/detail/cmd_and_pose_vel__functions.c
[0.999s] -- Up-to-date: /home/mg0220/ros2_study/src/install/my_first_package_msgs/include/my_first_package_msgs/my_first_package_msgs/msg/detail/cmd_and_pose_vel__struct.h
[0.999s] -- Up-to-date: /home/mg0220/ros2_study/src/install/my_first_package_msgs/include/my_first_package_msgs/my_first_package_msgs/msg/detail/cmd_and_pose_vel__functions.h
[0.999s] -- Up-to-date: /home/mg0220/ros2_study/src/install/my_first_package_msgs/include/my_first_package_msgs/my_first_package_msgs/msg/detail/cmd_and_pose_vel__type_support.h
[0.999s] -- Up-to-date: /home/mg0220/ros2_study/src/install/my_first_package_msgs/include/my_first_package_msgs/my_first_package_msgs/msg/rosidl_generator_c__visibility_control.h
[0.999s] -- Up-to-date: /home/mg0220/ros2_study/src/install/my_first_package_msgs/include/my_first_package_msgs/my_first_package_msgs/msg/cmd_and_pose_vel.h
[0.999s] -- Up-to-date: /home/mg0220/ros2_study/src/install/my_first_package_msgs/include/my_first_package_msgs/my_first_package_msgs/action
[1.000s] -- Up-to-date: /home/mg0220/ros2_study/src/install/my_first_package_msgs/include/my_first_package_msgs/my_first_package_msgs/action/detail
[1.000s] -- Up-to-date: /home/mg0220/ros2_study/src/install/my_first_package_msgs/include/my_first_package_msgs/my_first_package_msgs/action/detail/dist_turtle__functions.h
[1.000s] -- Up-to-date: /home/mg0220/ros2_study/src/install/my_first_package_msgs/include/my_first_package_msgs/my_first_package_msgs/action/detail/dist_turtle__struct.h
[1.000s] -- Up-to-date: /home/mg0220/ros2_study/src/install/my_first_package_msgs/include/my_first_package_msgs/my_first_package_msgs/action/detail/dist_turtle__type_support.h
[1.000s] -- Up-to-date: /home/mg0220/ros2_study/src/install/my_first_package_msgs/include/my_first_package_msgs/my_first_package_msgs/action/detail/dist_turtle__functions.c
[1.000s] -- Up-to-date: /home/mg0220/ros2_study/src/install/my_first_package_msgs/include/my_first_package_msgs/my_first_package_msgs/action/dist_turtle.h
[1.000s] -- Up-to-date: /home/mg0220/ros2_study/src/install/my_first_package_msgs/share/my_first_package_msgs/environment/library_path.sh
[1.000s] -- Installing: /home/mg0220/ros2_study/src/install/my_first_package_msgs/share/my_first_package_msgs/environment/library_path.dsv
[1.000s] -- Up-to-date: /home/mg0220/ros2_study/src/install/my_first_package_msgs/lib/libmy_first_package_msgs__rosidl_generator_c.so
[1.000s] -- Up-to-date: /home/mg0220/ros2_study/src/install/my_first_package_msgs/include/my_first_package_msgs/my_first_package_msgs
[1.000s] -- Up-to-date: /home/mg0220/ros2_study/src/install/my_first_package_msgs/include/my_first_package_msgs/my_first_package_msgs/msg
[1.000s] -- Up-to-date: /home/mg0220/ros2_study/src/install/my_first_package_msgs/include/my_first_package_msgs/my_first_package_msgs/msg/detail
[1.000s] -- Up-to-date: /home/mg0220/ros2_study/src/install/my_first_package_msgs/include/my_first_package_msgs/my_first_package_msgs/msg/detail/cmd_and_pose_vel__rosidl_typesupport_fastrtps_c.h
[1.000s] -- Up-to-date: /home/mg0220/ros2_study/src/install/my_first_package_msgs/include/my_first_package_msgs/my_first_package_msgs/msg/rosidl_typesupport_fastrtps_c__visibility_control.h
[1.001s] -- Up-to-date: /home/mg0220/ros2_study/src/install/my_first_package_msgs/include/my_first_package_msgs/my_first_package_msgs/action
[1.001s] -- Up-to-date: /home/mg0220/ros2_study/src/install/my_first_package_msgs/include/my_first_package_msgs/my_first_package_msgs/action/detail
[1.001s] -- Up-to-date: /home/mg0220/ros2_study/src/install/my_first_package_msgs/include/my_first_package_msgs/my_first_package_msgs/action/detail/dist_turtle__rosidl_typesupport_fastrtps_c.h
[1.001s] -- Up-to-date: /home/mg0220/ros2_study/src/install/my_first_package_msgs/lib/libmy_first_package_msgs__rosidl_typesupport_fastrtps_c.so
[1.001s] -- Up-to-date: /home/mg0220/ros2_study/src/install/my_first_package_msgs/include/my_first_package_msgs/my_first_package_msgs
[1.001s] -- Up-to-date: /home/mg0220/ros2_study/src/install/my_first_package_msgs/include/my_first_package_msgs/my_first_package_msgs/msg
[1.001s] -- Up-to-date: /home/mg0220/ros2_study/src/install/my_first_package_msgs/include/my_first_package_msgs/my_first_package_msgs/msg/detail
[1.001s] -- Up-to-date: /home/mg0220/ros2_study/src/install/my_first_package_msgs/include/my_first_package_msgs/my_first_package_msgs/msg/detail/cmd_and_pose_vel__type_support.c
[1.001s] -- Up-to-date: /home/mg0220/ros2_study/src/install/my_first_package_msgs/include/my_first_package_msgs/my_first_package_msgs/msg/detail/cmd_and_pose_vel__rosidl_typesupport_introspection_c.h
[1.001s] -- Up-to-date: /home/mg0220/ros2_study/src/install/my_first_package_msgs/include/my_first_package_msgs/my_first_package_msgs/msg/rosidl_typesupport_introspection_c__visibility_control.h
[1.001s] -- Up-to-date: /home/mg0220/ros2_study/src/install/my_first_package_msgs/include/my_first_package_msgs/my_first_package_msgs/action
[1.001s] -- Up-to-date: /home/mg0220/ros2_study/src/install/my_first_package_msgs/include/my_first_package_msgs/my_first_package_msgs/action/detail
[1.001s] -- Up-to-date: /home/mg0220/ros2_study/src/install/my_first_package_msgs/include/my_first_package_msgs/my_first_package_msgs/action/detail/dist_turtle__type_support.c
[1.002s] -- Up-to-date: /home/mg0220/ros2_study/src/install/my_first_package_msgs/include/my_first_package_msgs/my_first_package_msgs/action/detail/dist_turtle__rosidl_typesupport_introspection_c.h
[1.002s] -- Up-to-date: /home/mg0220/ros2_study/src/install/my_first_package_msgs/lib/libmy_first_package_msgs__rosidl_typesupport_introspection_c.so
[1.002s] -- Up-to-date: /home/mg0220/ros2_study/src/install/my_first_package_msgs/lib/libmy_first_package_msgs__rosidl_typesupport_c.so
[1.002s] -- Up-to-date: /home/mg0220/ros2_study/src/install/my_first_package_msgs/include/my_first_package_msgs/my_first_package_msgs
[1.002s] -- Up-to-date: /home/mg0220/ros2_study/src/install/my_first_package_msgs/include/my_first_package_msgs/my_first_package_msgs/msg
[1.002s] -- Up-to-date: /home/mg0220/ros2_study/src/install/my_first_package_msgs/include/my_first_package_msgs/my_first_package_msgs/msg/detail
[1.002s] -- Up-to-date: /home/mg0220/ros2_study/src/install/my_first_package_msgs/include/my_first_package_msgs/my_first_package_msgs/msg/detail/cmd_and_pose_vel__traits.hpp
[1.002s] -- Up-to-date: /home/mg0220/ros2_study/src/install/my_first_package_msgs/include/my_first_package_msgs/my_first_package_msgs/msg/detail/cmd_and_pose_vel__struct.hpp
[1.002s] -- Up-to-date: /home/mg0220/ros2_study/src/install/my_first_package_msgs/include/my_first_package_msgs/my_first_package_msgs/msg/detail/cmd_and_pose_vel__builder.hpp
[1.002s] -- Up-to-date: /home/mg0220/ros2_study/src/install/my_first_package_msgs/include/my_first_package_msgs/my_first_package_msgs/msg/detail/cmd_and_pose_vel__type_support.hpp
[1.002s] -- Up-to-date: /home/mg0220/ros2_study/src/install/my_first_package_msgs/include/my_first_package_msgs/my_first_package_msgs/msg/rosidl_generator_cpp__visibility_control.hpp
[1.003s] -- Up-to-date: /home/mg0220/ros2_study/src/install/my_first_package_msgs/include/my_first_package_msgs/my_first_package_msgs/msg/cmd_and_pose_vel.hpp
[1.003s] -- Up-to-date: /home/mg0220/ros2_study/src/install/my_first_package_msgs/include/my_first_package_msgs/my_first_package_msgs/action
[1.003s] -- Up-to-date: /home/mg0220/ros2_study/src/install/my_first_package_msgs/include/my_first_package_msgs/my_first_package_msgs/action/detail
[1.003s] -- Up-to-date: /home/mg0220/ros2_study/src/install/my_first_package_msgs/include/my_first_package_msgs/my_first_package_msgs/action/detail/dist_turtle__builder.hpp
[1.003s] -- Up-to-date: /home/mg0220/ros2_study/src/install/my_first_package_msgs/include/my_first_package_msgs/my_first_package_msgs/action/detail/dist_turtle__traits.hpp
[1.003s] -- Up-to-date: /home/mg0220/ros2_study/src/install/my_first_package_msgs/include/my_first_package_msgs/my_first_package_msgs/action/detail/dist_turtle__type_support.hpp
[1.003s] -- Up-to-date: /home/mg0220/ros2_study/src/install/my_first_package_msgs/include/my_first_package_msgs/my_first_package_msgs/action/detail/dist_turtle__struct.hpp
[1.003s] -- Up-to-date: /home/mg0220/ros2_study/src/install/my_first_package_msgs/include/my_first_package_msgs/my_first_package_msgs/action/dist_turtle.hpp
[1.003s] -- Up-to-date: /home/mg0220/ros2_study/src/install/my_first_package_msgs/include/my_first_package_msgs/my_first_package_msgs
[1.003s] -- Up-to-date: /home/mg0220/ros2_study/src/install/my_first_package_msgs/include/my_first_package_msgs/my_first_package_msgs/msg
[1.003s] -- Up-to-date: /home/mg0220/ros2_study/src/install/my_first_package_msgs/include/my_first_package_msgs/my_first_package_msgs/msg/detail
[1.003s] -- Up-to-date: /home/mg0220/ros2_study/src/install/my_first_package_msgs/include/my_first_package_msgs/my_first_package_msgs/msg/detail/cmd_and_pose_vel__rosidl_typesupport_fastrtps_cpp.hpp
[1.004s] -- Up-to-date: /home/mg0220/ros2_study/src/install/my_first_package_msgs/include/my_first_package_msgs/my_first_package_msgs/msg/detail/dds_fastrtps
[1.004s] -- Up-to-date: /home/mg0220/ros2_study/src/install/my_first_package_msgs/include/my_first_package_msgs/my_first_package_msgs/msg/rosidl_typesupport_fastrtps_cpp__visibility_control.h
[1.004s] -- Up-to-date: /home/mg0220/ros2_study/src/install/my_first_package_msgs/include/my_first_package_msgs/my_first_package_msgs/action
[1.004s] -- Up-to-date: /home/mg0220/ros2_study/src/install/my_first_package_msgs/include/my_first_package_msgs/my_first_package_msgs/action/detail
[1.004s] -- Up-to-date: /home/mg0220/ros2_study/src/install/my_first_package_msgs/include/my_first_package_msgs/my_first_package_msgs/action/detail/dist_turtle__rosidl_typesupport_fastrtps_cpp.hpp
[1.004s] -- Up-to-date: /home/mg0220/ros2_study/src/install/my_first_package_msgs/include/my_first_package_msgs/my_first_package_msgs/action/detail/dds_fastrtps
[1.004s] -- Up-to-date: /home/mg0220/ros2_study/src/install/my_first_package_msgs/lib/libmy_first_package_msgs__rosidl_typesupport_fastrtps_cpp.so
[1.004s] -- Up-to-date: /home/mg0220/ros2_study/src/install/my_first_package_msgs/include/my_first_package_msgs/my_first_package_msgs
[1.004s] -- Up-to-date: /home/mg0220/ros2_study/src/install/my_first_package_msgs/include/my_first_package_msgs/my_first_package_msgs/msg
[1.004s] -- Up-to-date: /home/mg0220/ros2_study/src/install/my_first_package_msgs/include/my_first_package_msgs/my_first_package_msgs/msg/detail
[1.004s] -- Up-to-date: /home/mg0220/ros2_study/src/install/my_first_package_msgs/include/my_first_package_msgs/my_first_package_msgs/msg/detail/cmd_and_pose_vel__rosidl_typesupport_introspection_cpp.hpp
[1.004s] -- Up-to-date: /home/mg0220/ros2_study/src/install/my_first_package_msgs/include/my_first_package_msgs/my_first_package_msgs/msg/detail/cmd_and_pose_vel__type_support.cpp
[1.004s] -- Up-to-date: /home/mg0220/ros2_study/src/install/my_first_package_msgs/include/my_first_package_msgs/my_first_package_msgs/action
[1.004s] -- Up-to-date: /home/mg0220/ros2_study/src/install/my_first_package_msgs/include/my_first_package_msgs/my_first_package_msgs/action/detail
[1.004s] -- Up-to-date: /home/mg0220/ros2_study/src/install/my_first_package_msgs/include/my_first_package_msgs/my_first_package_msgs/action/detail/dist_turtle__rosidl_typesupport_introspection_cpp.hpp
[1.004s] -- Up-to-date: /home/mg0220/ros2_study/src/install/my_first_package_msgs/include/my_first_package_msgs/my_first_package_msgs/action/detail/dist_turtle__type_support.cpp
[1.004s] -- Up-to-date: /home/mg0220/ros2_study/src/install/my_first_package_msgs/lib/libmy_first_package_msgs__rosidl_typesupport_introspection_cpp.so
[1.004s] -- Up-to-date: /home/mg0220/ros2_study/src/install/my_first_package_msgs/lib/libmy_first_package_msgs__rosidl_typesupport_cpp.so
[1.004s] -- Up-to-date: /home/mg0220/ros2_study/src/install/my_first_package_msgs/share/my_first_package_msgs/environment/pythonpath.sh
[1.004s] -- Installing: /home/mg0220/ros2_study/src/install/my_first_package_msgs/share/my_first_package_msgs/environment/pythonpath.dsv
[1.004s] -- Up-to-date: /home/mg0220/ros2_study/src/install/my_first_package_msgs/local/lib/python3.10/dist-packages/my_first_package_msgs-0.0.0-py3.10.egg-info
[1.004s] -- Installing: /home/mg0220/ros2_study/src/install/my_first_package_msgs/local/lib/python3.10/dist-packages/my_first_package_msgs-0.0.0-py3.10.egg-info/SOURCES.txt
[1.004s] -- Installing: /home/mg0220/ros2_study/src/install/my_first_package_msgs/local/lib/python3.10/dist-packages/my_first_package_msgs-0.0.0-py3.10.egg-info/PKG-INFO
[1.004s] -- Installing: /home/mg0220/ros2_study/src/install/my_first_package_msgs/local/lib/python3.10/dist-packages/my_first_package_msgs-0.0.0-py3.10.egg-info/top_level.txt
[1.004s] -- Installing: /home/mg0220/ros2_study/src/install/my_first_package_msgs/local/lib/python3.10/dist-packages/my_first_package_msgs-0.0.0-py3.10.egg-info/dependency_links.txt
[1.004s] -- Up-to-date: /home/mg0220/ros2_study/src/install/my_first_package_msgs/local/lib/python3.10/dist-packages/my_first_package_msgs
[1.004s] -- Up-to-date: /home/mg0220/ros2_study/src/install/my_first_package_msgs/local/lib/python3.10/dist-packages/my_first_package_msgs/_my_first_package_msgs_s.ep.rosidl_typesupport_fastrtps_c.c
[1.004s] -- Up-to-date: /home/mg0220/ros2_study/src/install/my_first_package_msgs/local/lib/python3.10/dist-packages/my_first_package_msgs/my_first_package_msgs_s__rosidl_typesupport_introspection_c.cpython-310-x86_64-linux-gnu.so
[1.004s] -- Up-to-date: /home/mg0220/ros2_study/src/install/my_first_package_msgs/local/lib/python3.10/dist-packages/my_first_package_msgs/_my_first_package_msgs_s.ep.rosidl_typesupport_introspection_c.c
[1.004s] -- Up-to-date: /home/mg0220/ros2_study/src/install/my_first_package_msgs/local/lib/python3.10/dist-packages/my_first_package_msgs/libmy_first_package_msgs__rosidl_generator_py.so
[1.004s] -- Up-to-date: /home/mg0220/ros2_study/src/install/my_first_package_msgs/local/lib/python3.10/dist-packages/my_first_package_msgs/msg
[1.004s] -- Up-to-date: /home/mg0220/ros2_study/src/install/my_first_package_msgs/local/lib/python3.10/dist-packages/my_first_package_msgs/msg/_cmd_and_pose_vel.py
[1.004s] -- Up-to-date: /home/mg0220/ros2_study/src/install/my_first_package_msgs/local/lib/python3.10/dist-packages/my_first_package_msgs/msg/_cmd_and_pose_vel_s.c
[1.004s] -- Up-to-date: /home/mg0220/ros2_study/src/install/my_first_package_msgs/local/lib/python3.10/dist-packages/my_first_package_msgs/msg/__init__.py
[1.004s] -- Installing: /home/mg0220/ros2_study/src/install/my_first_package_msgs/local/lib/python3.10/dist-packages/my_first_package_msgs/__init__.py
[1.004s] -- Up-to-date: /home/mg0220/ros2_study/src/install/my_first_package_msgs/local/lib/python3.10/dist-packages/my_first_package_msgs/my_first_package_msgs_s__rosidl_typesupport_fastrtps_c.cpython-310-x86_64-linux-gnu.so
[1.004s] -- Up-to-date: /home/mg0220/ros2_study/src/install/my_first_package_msgs/local/lib/python3.10/dist-packages/my_first_package_msgs/my_first_package_msgs_s__rosidl_typesupport_c.cpython-310-x86_64-linux-gnu.so
[1.004s] -- Up-to-date: /home/mg0220/ros2_study/src/install/my_first_package_msgs/local/lib/python3.10/dist-packages/my_first_package_msgs/action
[1.004s] -- Up-to-date: /home/mg0220/ros2_study/src/install/my_first_package_msgs/local/lib/python3.10/dist-packages/my_first_package_msgs/action/__init__.py
[1.004s] -- Up-to-date: /home/mg0220/ros2_study/src/install/my_first_package_msgs/local/lib/python3.10/dist-packages/my_first_package_msgs/action/_dist_turtle.py
[1.004s] -- Up-to-date: /home/mg0220/ros2_study/src/install/my_first_package_msgs/local/lib/python3.10/dist-packages/my_first_package_msgs/action/_dist_turtle_s.c
[1.004s] -- Up-to-date: /home/mg0220/ros2_study/src/install/my_first_package_msgs/local/lib/python3.10/dist-packages/my_first_package_msgs/_my_first_package_msgs_s.ep.rosidl_typesupport_c.c
[1.021s] Listing '/home/mg0220/ros2_study/src/install/my_first_package_msgs/local/lib/python3.10/dist-packages/my_first_package_msgs'...
[1.021s] Compiling '/home/mg0220/ros2_study/src/install/my_first_package_msgs/local/lib/python3.10/dist-packages/my_first_package_msgs/__init__.py'...
[1.021s] Listing '/home/mg0220/ros2_study/src/install/my_first_package_msgs/local/lib/python3.10/dist-packages/my_first_package_msgs/action'...
[1.021s] Listing '/home/mg0220/ros2_study/src/install/my_first_package_msgs/local/lib/python3.10/dist-packages/my_first_package_msgs/msg'...
[1.023s] -- Up-to-date: /home/mg0220/ros2_study/src/install/my_first_package_msgs/local/lib/python3.10/dist-packages/my_first_package_msgs/my_first_package_msgs_s__rosidl_typesupport_fastrtps_c.cpython-310-x86_64-linux-gnu.so
[1.024s] -- Up-to-date: /home/mg0220/ros2_study/src/install/my_first_package_msgs/local/lib/python3.10/dist-packages/my_first_package_msgs/my_first_package_msgs_s__rosidl_typesupport_introspection_c.cpython-310-x86_64-linux-gnu.so
[1.024s] -- Up-to-date: /home/mg0220/ros2_study/src/install/my_first_package_msgs/local/lib/python3.10/dist-packages/my_first_package_msgs/my_first_package_msgs_s__rosidl_typesupport_c.cpython-310-x86_64-linux-gnu.so
[1.024s] -- Up-to-date: /home/mg0220/ros2_study/src/install/my_first_package_msgs/lib/libmy_first_package_msgs__rosidl_generator_py.so
[1.024s] -- Up-to-date: /home/mg0220/ros2_study/src/install/my_first_package_msgs/share/my_first_package_msgs/msg/CmdAndPoseVel.idl
[1.024s] -- Up-to-date: /home/mg0220/ros2_study/src/install/my_first_package_msgs/share/my_first_package_msgs/action/DistTurtle.idl
[1.024s] [31mCMake Error at cmake_install.cmake:375 (file):
[1.024s]   file INSTALL cannot find
[1.024s]   "/home/mg0220/ros2_study/src/my_first_package_msgs/launch": No such file or
[1.024s]   directory.
[1.024s] 
[1.024s] [0m
[1.024s] -- Up-to-date: /home/mg0220/ros2_study/src/install/my_first_package_msgs/share/my_first_package_msgs/msg/CmdAndPoseVel.msg
[1.024s] -- Up-to-date: /home/mg0220/ros2_study/src/install/my_first_package_msgs/share/my_first_package_msgs/action/DistTurtle.action
[1.025s] Invoked command in '/home/mg0220/ros2_study/src/build/my_first_package_msgs' returned '1': CMAKE_PREFIX_PATH=${CMAKE_PREFIX_PATH}:/home/mg0220/ros2_study/install/my_first_package:/opt/ros/humble /usr/bin/cmake --install /home/mg0220/ros2_study/src/build/my_first_package_msgs
