[0.147s] Invoking command in '/home/mg0220/ros2_study/src/build/my_first_packges': CMAKE_PREFIX_PATH=${CMAKE_PREFIX_PATH}:/home/mg0220/ros2_study/install/my_first_package:/opt/ros/humble /usr/bin/cmake /home/mg0220/ros2_study/src/my_first_packges -DCMAKE_INSTALL_PREFIX=/home/mg0220/ros2_study/src/install/my_first_packges
[0.260s] -- The C compiler identification is GNU 11.4.0
[0.442s] -- The CXX compiler identification is GNU 11.4.0
[0.531s] -- Detecting C compiler ABI info
[0.591s] -- Detecting C compiler ABI info - done
[0.595s] -- Check for working C compiler: /usr/bin/cc - skipped
[0.595s] -- Detecting C compile features
[0.596s] -- Detecting C compile features - done
[0.597s] -- Detecting CXX compiler ABI info
[0.661s] -- Detecting CXX compiler ABI info - done
[0.665s] -- Check for working CXX compiler: /usr/bin/c++ - skipped
[0.665s] -- Detecting CXX compile features
[0.666s] -- Detecting CXX compile features - done
[0.669s] -- Found ament_cmake: 1.3.12 (/opt/ros/humble/share/ament_cmake/cmake)
[0.755s] -- Found Python3: /usr/bin/python3 (found version "3.10.12") found components: Interpreter 
[0.807s] -- Found rclpy: 3.3.17 (/opt/ros/humble/share/rclpy/cmake)
[0.809s] -- Found turtlesim: 1.4.3 (/opt/ros/humble/share/turtlesim/cmake)
[0.863s] -- Found rosidl_generator_c: 3.1.7 (/opt/ros/humble/share/rosidl_generator_c/cmake)
[0.866s] -- Found rosidl_adapter: 3.1.7 (/opt/ros/humble/share/rosidl_adapter/cmake)
[0.871s] -- Found rosidl_generator_cpp: 3.1.7 (/opt/ros/humble/share/rosidl_generator_cpp/cmake)
[0.877s] -- Using all available rosidl_typesupport_c: rosidl_typesupport_fastrtps_c;rosidl_typesupport_introspection_c
[0.887s] -- Using all available rosidl_typesupport_cpp: rosidl_typesupport_fastrtps_cpp;rosidl_typesupport_introspection_cpp
[0.918s] -- Found geometry_msgs: 4.9.0 (/opt/ros/humble/share/geometry_msgs/cmake)
[0.942s] -- Found my_first_package_msgs: 0.0.0 (/home/mg0220/ros2_study/install/my_first_package_msgs/share/my_first_package_msgs/cmake)
[0.996s] [31mCMake Error at /opt/ros/humble/share/ament_cmake_core/cmake/core/ament_package_xml.cmake:53 (message):
[0.996s]   ament_package_xml() package name 'my_first_packges' in '/package.xml' does
[0.997s]   not match current PROJECT_NAME 'my_first_package'.  You must call project()
[0.997s]   with the same package name before.
[0.997s] Call Stack (most recent call first):
[0.997s]   /opt/ros/humble/share/ament_cmake_core/cmake/core/ament_package.cmake:63 (ament_package_xml)
[0.997s]   CMakeLists.txt:32 (ament_package)
[0.997s] 
[0.997s] [0m
[0.997s] -- Configuring incomplete, errors occurred!
[0.997s] See also "/home/mg0220/ros2_study/src/build/my_first_packges/CMakeFiles/CMakeOutput.log".
