[0.154s] Invoking command in '/home/mg0220/ros2_study/src/build/my_first_package_msgs': CMAKE_PREFIX_PATH=${CMAKE_PREFIX_PATH}:/home/mg0220/ros2_study/install/my_first_package:/opt/ros/humble /usr/bin/cmake --build /home/mg0220/ros2_study/src/build/my_first_package_msgs -- -j20 -l20
[0.172s] -- Found ament_cmake: 1.3.12 (/opt/ros/humble/share/ament_cmake/cmake)
[0.265s] -- Found rosidl_default_generators: 1.2.0 (/opt/ros/humble/share/rosidl_default_generators/cmake)
[0.268s] -- Using all available rosidl_typesupport_c: rosidl_typesupport_fastrtps_c;rosidl_typesupport_introspection_c
[0.273s] -- Found rosidl_adapter: 3.1.7 (/opt/ros/humble/share/rosidl_adapter/cmake)
[0.352s] -- Using all available rosidl_typesupport_cpp: rosidl_typesupport_fastrtps_cpp;rosidl_typesupport_introspection_cpp
[0.589s] -- Found ament_cmake_ros: 0.10.0 (/opt/ros/humble/share/ament_cmake_ros/cmake)
[0.697s] -- Using all available rosidl_typesupport_c: rosidl_typesupport_fastrtps_c;rosidl_typesupport_introspection_c
[0.836s] -- Using all available rosidl_typesupport_cpp: rosidl_typesupport_fastrtps_cpp;rosidl_typesupport_introspection_cpp
[0.878s] -- Found PythonInterp: /usr/bin/python3 (found suitable version "3.10.12", minimum required is "3.6") 
[0.879s] -- Found python_cmake_module: 0.10.0 (/opt/ros/humble/share/python_cmake_module/cmake)
[0.988s] -- Found PythonLibs: /usr/lib/x86_64-linux-gnu/libpython3.10.so (found suitable version "3.10.12", minimum required is "3.5") 
[0.988s] -- Using PYTHON_EXECUTABLE: /usr/bin/python3
[0.988s] -- Using PYTHON_INCLUDE_DIRS: /usr/include/python3.10
[0.988s] -- Using PYTHON_LIBRARIES: /usr/lib/x86_64-linux-gnu/libpython3.10.so
[1.000s] -- Found PythonExtra: .so  
[1.032s] -- Found ament_lint_auto: 0.12.14 (/opt/ros/humble/share/ament_lint_auto/cmake)
[1.045s] -- Added test 'lint_cmake' to check CMake code style
[1.046s] -- Added test 'xmllint' to check XML markup files
[1.048s] -- Configuring done
[1.073s] -- Generating done
[1.080s] -- Build files have been written to: /home/mg0220/ros2_study/src/build/my_first_package_msgs
[1.094s] [  2%] [34m[1mGenerating C code for ROS interfaces[0m
[1.099s] [  5%] [34m[1mGenerating C++ code for ROS interfaces[0m
[1.103s] [  5%] Built target ament_cmake_python_copy_my_first_package_msgs
[1.240s] running egg_info
[1.240s] creating my_first_package_msgs.egg-info
[1.240s] writing my_first_package_msgs.egg-info/PKG-INFO
[1.241s] writing dependency_links to my_first_package_msgs.egg-info/dependency_links.txt
[1.241s] writing top-level names to my_first_package_msgs.egg-info/top_level.txt
[1.241s] writing manifest file 'my_first_package_msgs.egg-info/SOURCES.txt'
[1.242s] reading manifest file 'my_first_package_msgs.egg-info/SOURCES.txt'
[1.242s] writing manifest file 'my_first_package_msgs.egg-info/SOURCES.txt'
[1.258s] [  5%] Built target ament_cmake_python_build_my_first_package_msgs_egg
[1.369s] [  7%] [32mBuilding C object CMakeFiles/my_first_package_msgs__rosidl_generator_c.dir/rosidl_generator_c/my_first_package_msgs/msg/detail/cmd_and_pose_vel__functions.c.o[0m
[1.370s] [ 10%] [32mBuilding C object CMakeFiles/my_first_package_msgs__rosidl_generator_c.dir/rosidl_generator_c/my_first_package_msgs/action/detail/dist_turtle__functions.c.o[0m
[1.374s] [ 10%] Built target my_first_package_msgs__cpp
[1.380s] [ 17%] [34m[1mGenerating C++ type support dispatch for ROS interfaces[0m
[1.380s] [ 17%] [34m[1mGenerating C++ type support for eProsima Fast-RTPS[0m
[1.380s] [ 17%] [34m[1mGenerating C++ introspection for ROS interfaces[0m
[1.480s] [ 20%] [32m[1mLinking C shared library libmy_first_package_msgs__rosidl_generator_c.so[0m
[1.530s] [ 20%] Built target my_first_package_msgs__rosidl_generator_c
[1.535s] [ 23%] [34m[1mGenerating C type support for eProsima Fast-RTPS[0m
[1.535s] [ 25%] [34m[1mGenerating C introspection for ROS interfaces[0m
[1.536s] [ 28%] [34m[1mGenerating C type support dispatch for ROS interfaces[0m
[1.584s] [ 33%] [32mBuilding CXX object CMakeFiles/my_first_package_msgs__rosidl_typesupport_cpp.dir/rosidl_typesupport_cpp/my_first_package_msgs/action/dist_turtle__type_support.cpp.o[0m
[1.584s] [ 33%] [32mBuilding CXX object CMakeFiles/my_first_package_msgs__rosidl_typesupport_cpp.dir/rosidl_typesupport_cpp/my_first_package_msgs/msg/cmd_and_pose_vel__type_support.cpp.o[0m
[1.611s] [ 35%] [32mBuilding CXX object CMakeFiles/my_first_package_msgs__rosidl_typesupport_introspection_cpp.dir/rosidl_typesupport_introspection_cpp/my_first_package_msgs/action/detail/dist_turtle__type_support.cpp.o[0m
[1.611s] [ 38%] [32mBuilding CXX object CMakeFiles/my_first_package_msgs__rosidl_typesupport_introspection_cpp.dir/rosidl_typesupport_introspection_cpp/my_first_package_msgs/msg/detail/cmd_and_pose_vel__type_support.cpp.o[0m
[1.647s] [ 43%] [32mBuilding CXX object CMakeFiles/my_first_package_msgs__rosidl_typesupport_fastrtps_cpp.dir/rosidl_typesupport_fastrtps_cpp/my_first_package_msgs/action/detail/dds_fastrtps/dist_turtle__type_support.cpp.o[0m
[1.647s] [ 43%] [32mBuilding CXX object CMakeFiles/my_first_package_msgs__rosidl_typesupport_fastrtps_cpp.dir/rosidl_typesupport_fastrtps_cpp/my_first_package_msgs/msg/detail/dds_fastrtps/cmd_and_pose_vel__type_support.cpp.o[0m
[1.748s] [ 46%] [32mBuilding CXX object CMakeFiles/my_first_package_msgs__rosidl_typesupport_c.dir/rosidl_typesupport_c/my_first_package_msgs/msg/cmd_and_pose_vel__type_support.cpp.o[0m
[1.748s] [ 48%] [32mBuilding CXX object CMakeFiles/my_first_package_msgs__rosidl_typesupport_c.dir/rosidl_typesupport_c/my_first_package_msgs/action/dist_turtle__type_support.cpp.o[0m
[1.788s] [ 51%] [32m[1mLinking CXX shared library libmy_first_package_msgs__rosidl_typesupport_c.so[0m
[1.805s] [ 53%] [32mBuilding C object CMakeFiles/my_first_package_msgs__rosidl_typesupport_introspection_c.dir/rosidl_typesupport_introspection_c/my_first_package_msgs/msg/detail/cmd_and_pose_vel__type_support.c.o[0m
[1.806s] [ 56%] [32mBuilding C object CMakeFiles/my_first_package_msgs__rosidl_typesupport_introspection_c.dir/rosidl_typesupport_introspection_c/my_first_package_msgs/action/detail/dist_turtle__type_support.c.o[0m
[1.806s] [ 58%] [32mBuilding CXX object CMakeFiles/my_first_package_msgs__rosidl_typesupport_fastrtps_c.dir/rosidl_typesupport_fastrtps_c/my_first_package_msgs/msg/detail/cmd_and_pose_vel__type_support_c.cpp.o[0m
[1.806s] [ 61%] [32mBuilding CXX object CMakeFiles/my_first_package_msgs__rosidl_typesupport_fastrtps_c.dir/rosidl_typesupport_fastrtps_c/my_first_package_msgs/action/detail/dist_turtle__type_support_c.cpp.o[0m
[1.848s] [ 64%] [32m[1mLinking C shared library libmy_first_package_msgs__rosidl_typesupport_introspection_c.so[0m
[1.876s] [ 64%] Built target my_first_package_msgs__rosidl_typesupport_c
[1.917s] [ 64%] Built target my_first_package_msgs__rosidl_typesupport_introspection_c
[1.936s] [ 66%] [32m[1mLinking CXX shared library libmy_first_package_msgs__rosidl_typesupport_cpp.so[0m
[1.995s] [ 66%] Built target my_first_package_msgs__rosidl_typesupport_cpp
[1.998s] [ 69%] [32m[1mLinking CXX shared library libmy_first_package_msgs__rosidl_typesupport_introspection_cpp.so[0m
[2.003s] [ 71%] [32m[1mLinking CXX shared library libmy_first_package_msgs__rosidl_typesupport_fastrtps_cpp.so[0m
[2.029s] [ 74%] [32m[1mLinking CXX shared library libmy_first_package_msgs__rosidl_typesupport_fastrtps_c.so[0m
[2.063s] [ 74%] Built target my_first_package_msgs__rosidl_typesupport_introspection_cpp
[2.068s] [ 74%] Built target my_first_package_msgs__rosidl_typesupport_fastrtps_cpp
[2.092s] [ 74%] Built target my_first_package_msgs__rosidl_typesupport_fastrtps_c
[2.103s] [ 74%] Built target my_first_package_msgs
[2.113s] [ 76%] [34m[1mGenerating Python code for ROS interfaces[0m
[2.546s] [ 76%] Built target my_first_package_msgs__py
[2.557s] [ 79%] [32mBuilding C object CMakeFiles/my_first_package_msgs__rosidl_generator_py.dir/rosidl_generator_py/my_first_package_msgs/msg/_cmd_and_pose_vel_s.c.o[0m
[2.557s] [ 82%] [32mBuilding C object CMakeFiles/my_first_package_msgs__rosidl_generator_py.dir/rosidl_generator_py/my_first_package_msgs/action/_dist_turtle_s.c.o[0m
[2.658s] [ 84%] [32m[1mLinking C shared library rosidl_generator_py/my_first_package_msgs/libmy_first_package_msgs__rosidl_generator_py.so[0m
[2.700s] [ 84%] Built target my_first_package_msgs__rosidl_generator_py
[2.711s] [ 87%] [32mBuilding C object CMakeFiles/my_first_package_msgs__rosidl_typesupport_introspection_c__pyext.dir/rosidl_generator_py/my_first_package_msgs/_my_first_package_msgs_s.ep.rosidl_typesupport_introspection_c.c.o[0m
[2.711s] [ 89%] [32mBuilding C object CMakeFiles/my_first_package_msgs__rosidl_typesupport_fastrtps_c__pyext.dir/rosidl_generator_py/my_first_package_msgs/_my_first_package_msgs_s.ep.rosidl_typesupport_fastrtps_c.c.o[0m
[2.712s] [ 92%] [32mBuilding C object CMakeFiles/my_first_package_msgs__rosidl_typesupport_c__pyext.dir/rosidl_generator_py/my_first_package_msgs/_my_first_package_msgs_s.ep.rosidl_typesupport_c.c.o[0m
[2.777s] [100%] [32m[1mLinking C shared library rosidl_generator_py/my_first_package_msgs/my_first_package_msgs_s__rosidl_typesupport_introspection_c.cpython-310-x86_64-linux-gnu.so[0m
[2.777s] [100%] [32m[1mLinking C shared library rosidl_generator_py/my_first_package_msgs/my_first_package_msgs_s__rosidl_typesupport_fastrtps_c.cpython-310-x86_64-linux-gnu.so[0m
[2.777s] [100%] [32m[1mLinking C shared library rosidl_generator_py/my_first_package_msgs/my_first_package_msgs_s__rosidl_typesupport_c.cpython-310-x86_64-linux-gnu.so[0m
[2.811s] [100%] Built target my_first_package_msgs__rosidl_typesupport_c__pyext
[2.811s] [100%] Built target my_first_package_msgs__rosidl_typesupport_fastrtps_c__pyext
[2.811s] [100%] Built target my_first_package_msgs__rosidl_typesupport_introspection_c__pyext
[2.817s] Invoked command in '/home/mg0220/ros2_study/src/build/my_first_package_msgs' returned '0': CMAKE_PREFIX_PATH=${CMAKE_PREFIX_PATH}:/home/mg0220/ros2_study/install/my_first_package:/opt/ros/humble /usr/bin/cmake --build /home/mg0220/ros2_study/src/build/my_first_package_msgs -- -j20 -l20
[2.823s] Invoking command in '/home/mg0220/ros2_study/src/build/my_first_package_msgs': CMAKE_PREFIX_PATH=${CMAKE_PREFIX_PATH}:/home/mg0220/ros2_study/install/my_first_package:/opt/ros/humble /usr/bin/cmake --install /home/mg0220/ros2_study/src/build/my_first_package_msgs
[2.827s] -- Install configuration: ""
[2.827s] -- Installing: /home/mg0220/ros2_study/src/install/my_first_package_msgs/share/ament_index/resource_index/rosidl_interfaces/my_first_package_msgs
[2.827s] -- Installing: /home/mg0220/ros2_study/src/install/my_first_package_msgs/include/my_first_package_msgs/my_first_package_msgs
[2.827s] -- Installing: /home/mg0220/ros2_study/src/install/my_first_package_msgs/include/my_first_package_msgs/my_first_package_msgs/msg
[2.827s] -- Installing: /home/mg0220/ros2_study/src/install/my_first_package_msgs/include/my_first_package_msgs/my_first_package_msgs/msg/detail
[2.827s] -- Installing: /home/mg0220/ros2_study/src/install/my_first_package_msgs/include/my_first_package_msgs/my_first_package_msgs/msg/detail/cmd_and_pose_vel__functions.c
[2.828s] -- Installing: /home/mg0220/ros2_study/src/install/my_first_package_msgs/include/my_first_package_msgs/my_first_package_msgs/msg/detail/cmd_and_pose_vel__struct.h
[2.828s] -- Installing: /home/mg0220/ros2_study/src/install/my_first_package_msgs/include/my_first_package_msgs/my_first_package_msgs/msg/detail/cmd_and_pose_vel__functions.h
[2.828s] -- Installing: /home/mg0220/ros2_study/src/install/my_first_package_msgs/include/my_first_package_msgs/my_first_package_msgs/msg/detail/cmd_and_pose_vel__type_support.h
[2.828s] -- Installing: /home/mg0220/ros2_study/src/install/my_first_package_msgs/include/my_first_package_msgs/my_first_package_msgs/msg/rosidl_generator_c__visibility_control.h
[2.828s] -- Installing: /home/mg0220/ros2_study/src/install/my_first_package_msgs/include/my_first_package_msgs/my_first_package_msgs/msg/cmd_and_pose_vel.h
[2.828s] -- Installing: /home/mg0220/ros2_study/src/install/my_first_package_msgs/include/my_first_package_msgs/my_first_package_msgs/action
[2.828s] -- Installing: /home/mg0220/ros2_study/src/install/my_first_package_msgs/include/my_first_package_msgs/my_first_package_msgs/action/detail
[2.828s] -- Installing: /home/mg0220/ros2_study/src/install/my_first_package_msgs/include/my_first_package_msgs/my_first_package_msgs/action/detail/dist_turtle__functions.h
[2.828s] -- Installing: /home/mg0220/ros2_study/src/install/my_first_package_msgs/include/my_first_package_msgs/my_first_package_msgs/action/detail/dist_turtle__struct.h
[2.828s] -- Installing: /home/mg0220/ros2_study/src/install/my_first_package_msgs/include/my_first_package_msgs/my_first_package_msgs/action/detail/dist_turtle__type_support.h
[2.828s] -- Installing: /home/mg0220/ros2_study/src/install/my_first_package_msgs/include/my_first_package_msgs/my_first_package_msgs/action/detail/dist_turtle__functions.c
[2.828s] -- Installing: /home/mg0220/ros2_study/src/install/my_first_package_msgs/include/my_first_package_msgs/my_first_package_msgs/action/dist_turtle.h
[2.829s] -- Installing: /home/mg0220/ros2_study/src/install/my_first_package_msgs/share/my_first_package_msgs/environment/library_path.sh
[2.829s] -- Installing: /home/mg0220/ros2_study/src/install/my_first_package_msgs/share/my_first_package_msgs/environment/library_path.dsv
[2.829s] -- Installing: /home/mg0220/ros2_study/src/install/my_first_package_msgs/lib/libmy_first_package_msgs__rosidl_generator_c.so
[2.829s] -- Set runtime path of "/home/mg0220/ros2_study/src/install/my_first_package_msgs/lib/libmy_first_package_msgs__rosidl_generator_c.so" to ""
[2.829s] -- Up-to-date: /home/mg0220/ros2_study/src/install/my_first_package_msgs/include/my_first_package_msgs/my_first_package_msgs
[2.829s] -- Up-to-date: /home/mg0220/ros2_study/src/install/my_first_package_msgs/include/my_first_package_msgs/my_first_package_msgs/msg
[2.829s] -- Up-to-date: /home/mg0220/ros2_study/src/install/my_first_package_msgs/include/my_first_package_msgs/my_first_package_msgs/msg/detail
[2.830s] -- Installing: /home/mg0220/ros2_study/src/install/my_first_package_msgs/include/my_first_package_msgs/my_first_package_msgs/msg/detail/cmd_and_pose_vel__rosidl_typesupport_fastrtps_c.h
[2.830s] -- Installing: /home/mg0220/ros2_study/src/install/my_first_package_msgs/include/my_first_package_msgs/my_first_package_msgs/msg/rosidl_typesupport_fastrtps_c__visibility_control.h
[2.830s] -- Up-to-date: /home/mg0220/ros2_study/src/install/my_first_package_msgs/include/my_first_package_msgs/my_first_package_msgs/action
[2.830s] -- Up-to-date: /home/mg0220/ros2_study/src/install/my_first_package_msgs/include/my_first_package_msgs/my_first_package_msgs/action/detail
[2.830s] -- Installing: /home/mg0220/ros2_study/src/install/my_first_package_msgs/include/my_first_package_msgs/my_first_package_msgs/action/detail/dist_turtle__rosidl_typesupport_fastrtps_c.h
[2.830s] -- Installing: /home/mg0220/ros2_study/src/install/my_first_package_msgs/lib/libmy_first_package_msgs__rosidl_typesupport_fastrtps_c.so
[2.830s] -- Set runtime path of "/home/mg0220/ros2_study/src/install/my_first_package_msgs/lib/libmy_first_package_msgs__rosidl_typesupport_fastrtps_c.so" to ""
[2.830s] -- Up-to-date: /home/mg0220/ros2_study/src/install/my_first_package_msgs/include/my_first_package_msgs/my_first_package_msgs
[2.830s] -- Up-to-date: /home/mg0220/ros2_study/src/install/my_first_package_msgs/include/my_first_package_msgs/my_first_package_msgs/msg
[2.830s] -- Up-to-date: /home/mg0220/ros2_study/src/install/my_first_package_msgs/include/my_first_package_msgs/my_first_package_msgs/msg/detail
[2.830s] -- Installing: /home/mg0220/ros2_study/src/install/my_first_package_msgs/include/my_first_package_msgs/my_first_package_msgs/msg/detail/cmd_and_pose_vel__type_support.c
[2.830s] -- Installing: /home/mg0220/ros2_study/src/install/my_first_package_msgs/include/my_first_package_msgs/my_first_package_msgs/msg/detail/cmd_and_pose_vel__rosidl_typesupport_introspection_c.h
[2.831s] -- Installing: /home/mg0220/ros2_study/src/install/my_first_package_msgs/include/my_first_package_msgs/my_first_package_msgs/msg/rosidl_typesupport_introspection_c__visibility_control.h
[2.831s] -- Up-to-date: /home/mg0220/ros2_study/src/install/my_first_package_msgs/include/my_first_package_msgs/my_first_package_msgs/action
[2.831s] -- Up-to-date: /home/mg0220/ros2_study/src/install/my_first_package_msgs/include/my_first_package_msgs/my_first_package_msgs/action/detail
[2.831s] -- Installing: /home/mg0220/ros2_study/src/install/my_first_package_msgs/include/my_first_package_msgs/my_first_package_msgs/action/detail/dist_turtle__type_support.c
[2.831s] -- Installing: /home/mg0220/ros2_study/src/install/my_first_package_msgs/include/my_first_package_msgs/my_first_package_msgs/action/detail/dist_turtle__rosidl_typesupport_introspection_c.h
[2.831s] -- Installing: /home/mg0220/ros2_study/src/install/my_first_package_msgs/lib/libmy_first_package_msgs__rosidl_typesupport_introspection_c.so
[2.831s] -- Set runtime path of "/home/mg0220/ros2_study/src/install/my_first_package_msgs/lib/libmy_first_package_msgs__rosidl_typesupport_introspection_c.so" to ""
[2.831s] -- Installing: /home/mg0220/ros2_study/src/install/my_first_package_msgs/lib/libmy_first_package_msgs__rosidl_typesupport_c.so
[2.831s] -- Set runtime path of "/home/mg0220/ros2_study/src/install/my_first_package_msgs/lib/libmy_first_package_msgs__rosidl_typesupport_c.so" to ""
[2.831s] -- Up-to-date: /home/mg0220/ros2_study/src/install/my_first_package_msgs/include/my_first_package_msgs/my_first_package_msgs
[2.831s] -- Up-to-date: /home/mg0220/ros2_study/src/install/my_first_package_msgs/include/my_first_package_msgs/my_first_package_msgs/msg
[2.832s] -- Up-to-date: /home/mg0220/ros2_study/src/install/my_first_package_msgs/include/my_first_package_msgs/my_first_package_msgs/msg/detail
[2.832s] -- Installing: /home/mg0220/ros2_study/src/install/my_first_package_msgs/include/my_first_package_msgs/my_first_package_msgs/msg/detail/cmd_and_pose_vel__traits.hpp
[2.832s] -- Installing: /home/mg0220/ros2_study/src/install/my_first_package_msgs/include/my_first_package_msgs/my_first_package_msgs/msg/detail/cmd_and_pose_vel__struct.hpp
[2.832s] -- Installing: /home/mg0220/ros2_study/src/install/my_first_package_msgs/include/my_first_package_msgs/my_first_package_msgs/msg/detail/cmd_and_pose_vel__builder.hpp
[2.832s] -- Installing: /home/mg0220/ros2_study/src/install/my_first_package_msgs/include/my_first_package_msgs/my_first_package_msgs/msg/detail/cmd_and_pose_vel__type_support.hpp
[2.832s] -- Installing: /home/mg0220/ros2_study/src/install/my_first_package_msgs/include/my_first_package_msgs/my_first_package_msgs/msg/rosidl_generator_cpp__visibility_control.hpp
[2.832s] -- Installing: /home/mg0220/ros2_study/src/install/my_first_package_msgs/include/my_first_package_msgs/my_first_package_msgs/msg/cmd_and_pose_vel.hpp
[2.832s] -- Up-to-date: /home/mg0220/ros2_study/src/install/my_first_package_msgs/include/my_first_package_msgs/my_first_package_msgs/action
[2.832s] -- Up-to-date: /home/mg0220/ros2_study/src/install/my_first_package_msgs/include/my_first_package_msgs/my_first_package_msgs/action/detail
[2.832s] -- Installing: /home/mg0220/ros2_study/src/install/my_first_package_msgs/include/my_first_package_msgs/my_first_package_msgs/action/detail/dist_turtle__builder.hpp
[2.832s] -- Installing: /home/mg0220/ros2_study/src/install/my_first_package_msgs/include/my_first_package_msgs/my_first_package_msgs/action/detail/dist_turtle__traits.hpp
[2.832s] -- Installing: /home/mg0220/ros2_study/src/install/my_first_package_msgs/include/my_first_package_msgs/my_first_package_msgs/action/detail/dist_turtle__type_support.hpp
[2.833s] -- Installing: /home/mg0220/ros2_study/src/install/my_first_package_msgs/include/my_first_package_msgs/my_first_package_msgs/action/detail/dist_turtle__struct.hpp
[2.833s] -- Installing: /home/mg0220/ros2_study/src/install/my_first_package_msgs/include/my_first_package_msgs/my_first_package_msgs/action/dist_turtle.hpp
[2.833s] -- Up-to-date: /home/mg0220/ros2_study/src/install/my_first_package_msgs/include/my_first_package_msgs/my_first_package_msgs
[2.833s] -- Up-to-date: /home/mg0220/ros2_study/src/install/my_first_package_msgs/include/my_first_package_msgs/my_first_package_msgs/msg
[2.833s] -- Up-to-date: /home/mg0220/ros2_study/src/install/my_first_package_msgs/include/my_first_package_msgs/my_first_package_msgs/msg/detail
[2.833s] -- Installing: /home/mg0220/ros2_study/src/install/my_first_package_msgs/include/my_first_package_msgs/my_first_package_msgs/msg/detail/cmd_and_pose_vel__rosidl_typesupport_fastrtps_cpp.hpp
[2.833s] -- Installing: /home/mg0220/ros2_study/src/install/my_first_package_msgs/include/my_first_package_msgs/my_first_package_msgs/msg/detail/dds_fastrtps
[2.833s] -- Installing: /home/mg0220/ros2_study/src/install/my_first_package_msgs/include/my_first_package_msgs/my_first_package_msgs/msg/rosidl_typesupport_fastrtps_cpp__visibility_control.h
[2.833s] -- Up-to-date: /home/mg0220/ros2_study/src/install/my_first_package_msgs/include/my_first_package_msgs/my_first_package_msgs/action
[2.833s] -- Up-to-date: /home/mg0220/ros2_study/src/install/my_first_package_msgs/include/my_first_package_msgs/my_first_package_msgs/action/detail
[2.833s] -- Installing: /home/mg0220/ros2_study/src/install/my_first_package_msgs/include/my_first_package_msgs/my_first_package_msgs/action/detail/dist_turtle__rosidl_typesupport_fastrtps_cpp.hpp
[2.833s] -- Installing: /home/mg0220/ros2_study/src/install/my_first_package_msgs/include/my_first_package_msgs/my_first_package_msgs/action/detail/dds_fastrtps
[2.833s] -- Installing: /home/mg0220/ros2_study/src/install/my_first_package_msgs/lib/libmy_first_package_msgs__rosidl_typesupport_fastrtps_cpp.so
[2.834s] -- Set runtime path of "/home/mg0220/ros2_study/src/install/my_first_package_msgs/lib/libmy_first_package_msgs__rosidl_typesupport_fastrtps_cpp.so" to ""
[2.834s] -- Up-to-date: /home/mg0220/ros2_study/src/install/my_first_package_msgs/include/my_first_package_msgs/my_first_package_msgs
[2.834s] -- Up-to-date: /home/mg0220/ros2_study/src/install/my_first_package_msgs/include/my_first_package_msgs/my_first_package_msgs/msg
[2.834s] -- Up-to-date: /home/mg0220/ros2_study/src/install/my_first_package_msgs/include/my_first_package_msgs/my_first_package_msgs/msg/detail
[2.834s] -- Installing: /home/mg0220/ros2_study/src/install/my_first_package_msgs/include/my_first_package_msgs/my_first_package_msgs/msg/detail/cmd_and_pose_vel__rosidl_typesupport_introspection_cpp.hpp
[2.834s] -- Installing: /home/mg0220/ros2_study/src/install/my_first_package_msgs/include/my_first_package_msgs/my_first_package_msgs/msg/detail/cmd_and_pose_vel__type_support.cpp
[2.834s] -- Up-to-date: /home/mg0220/ros2_study/src/install/my_first_package_msgs/include/my_first_package_msgs/my_first_package_msgs/action
[2.834s] -- Up-to-date: /home/mg0220/ros2_study/src/install/my_first_package_msgs/include/my_first_package_msgs/my_first_package_msgs/action/detail
[2.834s] -- Installing: /home/mg0220/ros2_study/src/install/my_first_package_msgs/include/my_first_package_msgs/my_first_package_msgs/action/detail/dist_turtle__rosidl_typesupport_introspection_cpp.hpp
[2.834s] -- Installing: /home/mg0220/ros2_study/src/install/my_first_package_msgs/include/my_first_package_msgs/my_first_package_msgs/action/detail/dist_turtle__type_support.cpp
[2.834s] -- Installing: /home/mg0220/ros2_study/src/install/my_first_package_msgs/lib/libmy_first_package_msgs__rosidl_typesupport_introspection_cpp.so
[2.834s] -- Set runtime path of "/home/mg0220/ros2_study/src/install/my_first_package_msgs/lib/libmy_first_package_msgs__rosidl_typesupport_introspection_cpp.so" to ""
[2.834s] -- Installing: /home/mg0220/ros2_study/src/install/my_first_package_msgs/lib/libmy_first_package_msgs__rosidl_typesupport_cpp.so
[2.834s] -- Set runtime path of "/home/mg0220/ros2_study/src/install/my_first_package_msgs/lib/libmy_first_package_msgs__rosidl_typesupport_cpp.so" to ""
[2.834s] -- Installing: /home/mg0220/ros2_study/src/install/my_first_package_msgs/share/my_first_package_msgs/environment/pythonpath.sh
[2.835s] -- Installing: /home/mg0220/ros2_study/src/install/my_first_package_msgs/share/my_first_package_msgs/environment/pythonpath.dsv
[2.835s] -- Installing: /home/mg0220/ros2_study/src/install/my_first_package_msgs/local/lib/python3.10/dist-packages/my_first_package_msgs-0.0.0-py3.10.egg-info
[2.835s] -- Installing: /home/mg0220/ros2_study/src/install/my_first_package_msgs/local/lib/python3.10/dist-packages/my_first_package_msgs-0.0.0-py3.10.egg-info/SOURCES.txt
[2.835s] -- Installing: /home/mg0220/ros2_study/src/install/my_first_package_msgs/local/lib/python3.10/dist-packages/my_first_package_msgs-0.0.0-py3.10.egg-info/PKG-INFO
[2.835s] -- Installing: /home/mg0220/ros2_study/src/install/my_first_package_msgs/local/lib/python3.10/dist-packages/my_first_package_msgs-0.0.0-py3.10.egg-info/top_level.txt
[2.835s] -- Installing: /home/mg0220/ros2_study/src/install/my_first_package_msgs/local/lib/python3.10/dist-packages/my_first_package_msgs-0.0.0-py3.10.egg-info/dependency_links.txt
[2.835s] -- Installing: /home/mg0220/ros2_study/src/install/my_first_package_msgs/local/lib/python3.10/dist-packages/my_first_package_msgs
[2.835s] -- Installing: /home/mg0220/ros2_study/src/install/my_first_package_msgs/local/lib/python3.10/dist-packages/my_first_package_msgs/_my_first_package_msgs_s.ep.rosidl_typesupport_fastrtps_c.c
[2.835s] -- Installing: /home/mg0220/ros2_study/src/install/my_first_package_msgs/local/lib/python3.10/dist-packages/my_first_package_msgs/my_first_package_msgs_s__rosidl_typesupport_introspection_c.cpython-310-x86_64-linux-gnu.so
[2.835s] -- Installing: /home/mg0220/ros2_study/src/install/my_first_package_msgs/local/lib/python3.10/dist-packages/my_first_package_msgs/_my_first_package_msgs_s.ep.rosidl_typesupport_introspection_c.c
[2.835s] -- Installing: /home/mg0220/ros2_study/src/install/my_first_package_msgs/local/lib/python3.10/dist-packages/my_first_package_msgs/libmy_first_package_msgs__rosidl_generator_py.so
[2.835s] -- Installing: /home/mg0220/ros2_study/src/install/my_first_package_msgs/local/lib/python3.10/dist-packages/my_first_package_msgs/msg
[2.836s] -- Installing: /home/mg0220/ros2_study/src/install/my_first_package_msgs/local/lib/python3.10/dist-packages/my_first_package_msgs/msg/_cmd_and_pose_vel.py
[2.836s] -- Installing: /home/mg0220/ros2_study/src/install/my_first_package_msgs/local/lib/python3.10/dist-packages/my_first_package_msgs/msg/_cmd_and_pose_vel_s.c
[2.836s] -- Installing: /home/mg0220/ros2_study/src/install/my_first_package_msgs/local/lib/python3.10/dist-packages/my_first_package_msgs/msg/__init__.py
[2.836s] -- Installing: /home/mg0220/ros2_study/src/install/my_first_package_msgs/local/lib/python3.10/dist-packages/my_first_package_msgs/__init__.py
[2.836s] -- Installing: /home/mg0220/ros2_study/src/install/my_first_package_msgs/local/lib/python3.10/dist-packages/my_first_package_msgs/my_first_package_msgs_s__rosidl_typesupport_fastrtps_c.cpython-310-x86_64-linux-gnu.so
[2.836s] -- Installing: /home/mg0220/ros2_study/src/install/my_first_package_msgs/local/lib/python3.10/dist-packages/my_first_package_msgs/my_first_package_msgs_s__rosidl_typesupport_c.cpython-310-x86_64-linux-gnu.so
[2.836s] -- Installing: /home/mg0220/ros2_study/src/install/my_first_package_msgs/local/lib/python3.10/dist-packages/my_first_package_msgs/action
[2.836s] -- Installing: /home/mg0220/ros2_study/src/install/my_first_package_msgs/local/lib/python3.10/dist-packages/my_first_package_msgs/action/__init__.py
[2.836s] -- Installing: /home/mg0220/ros2_study/src/install/my_first_package_msgs/local/lib/python3.10/dist-packages/my_first_package_msgs/action/_dist_turtle.py
[2.836s] -- Installing: /home/mg0220/ros2_study/src/install/my_first_package_msgs/local/lib/python3.10/dist-packages/my_first_package_msgs/action/_dist_turtle_s.c
[2.836s] -- Installing: /home/mg0220/ros2_study/src/install/my_first_package_msgs/local/lib/python3.10/dist-packages/my_first_package_msgs/_my_first_package_msgs_s.ep.rosidl_typesupport_c.c
[2.860s] Listing '/home/mg0220/ros2_study/src/install/my_first_package_msgs/local/lib/python3.10/dist-packages/my_first_package_msgs'...
[2.860s] Compiling '/home/mg0220/ros2_study/src/install/my_first_package_msgs/local/lib/python3.10/dist-packages/my_first_package_msgs/__init__.py'...
[2.860s] Listing '/home/mg0220/ros2_study/src/install/my_first_package_msgs/local/lib/python3.10/dist-packages/my_first_package_msgs/action'...
[2.860s] Compiling '/home/mg0220/ros2_study/src/install/my_first_package_msgs/local/lib/python3.10/dist-packages/my_first_package_msgs/action/__init__.py'...
[2.860s] Compiling '/home/mg0220/ros2_study/src/install/my_first_package_msgs/local/lib/python3.10/dist-packages/my_first_package_msgs/action/_dist_turtle.py'...
[2.860s] Listing '/home/mg0220/ros2_study/src/install/my_first_package_msgs/local/lib/python3.10/dist-packages/my_first_package_msgs/msg'...
[2.860s] Compiling '/home/mg0220/ros2_study/src/install/my_first_package_msgs/local/lib/python3.10/dist-packages/my_first_package_msgs/msg/__init__.py'...
[2.860s] Compiling '/home/mg0220/ros2_study/src/install/my_first_package_msgs/local/lib/python3.10/dist-packages/my_first_package_msgs/msg/_cmd_and_pose_vel.py'...
[2.863s] -- Installing: /home/mg0220/ros2_study/src/install/my_first_package_msgs/local/lib/python3.10/dist-packages/my_first_package_msgs/my_first_package_msgs_s__rosidl_typesupport_fastrtps_c.cpython-310-x86_64-linux-gnu.so
[2.863s] -- Set runtime path of "/home/mg0220/ros2_study/src/install/my_first_package_msgs/local/lib/python3.10/dist-packages/my_first_package_msgs/my_first_package_msgs_s__rosidl_typesupport_fastrtps_c.cpython-310-x86_64-linux-gnu.so" to ""
[2.863s] -- Installing: /home/mg0220/ros2_study/src/install/my_first_package_msgs/local/lib/python3.10/dist-packages/my_first_package_msgs/my_first_package_msgs_s__rosidl_typesupport_introspection_c.cpython-310-x86_64-linux-gnu.so
[2.864s] -- Set runtime path of "/home/mg0220/ros2_study/src/install/my_first_package_msgs/local/lib/python3.10/dist-packages/my_first_package_msgs/my_first_package_msgs_s__rosidl_typesupport_introspection_c.cpython-310-x86_64-linux-gnu.so" to ""
[2.864s] -- Installing: /home/mg0220/ros2_study/src/install/my_first_package_msgs/local/lib/python3.10/dist-packages/my_first_package_msgs/my_first_package_msgs_s__rosidl_typesupport_c.cpython-310-x86_64-linux-gnu.so
[2.864s] -- Set runtime path of "/home/mg0220/ros2_study/src/install/my_first_package_msgs/local/lib/python3.10/dist-packages/my_first_package_msgs/my_first_package_msgs_s__rosidl_typesupport_c.cpython-310-x86_64-linux-gnu.so" to ""
[2.864s] -- Installing: /home/mg0220/ros2_study/src/install/my_first_package_msgs/lib/libmy_first_package_msgs__rosidl_generator_py.so
[2.864s] -- Set runtime path of "/home/mg0220/ros2_study/src/install/my_first_package_msgs/lib/libmy_first_package_msgs__rosidl_generator_py.so" to ""
[2.864s] -- Installing: /home/mg0220/ros2_study/src/install/my_first_package_msgs/share/my_first_package_msgs/msg/CmdAndPoseVel.idl
[2.865s] -- Installing: /home/mg0220/ros2_study/src/install/my_first_package_msgs/share/my_first_package_msgs/action/DistTurtle.idl
[2.865s] -- Installing: /home/mg0220/ros2_study/src/install/my_first_package_msgs/share/my_first_package_msgs/msg/CmdAndPoseVel.msg
[2.865s] -- Installing: /home/mg0220/ros2_study/src/install/my_first_package_msgs/share/my_first_package_msgs/action/DistTurtle.action
[2.865s] -- Installing: /home/mg0220/ros2_study/src/install/my_first_package_msgs/share/ament_index/resource_index/package_run_dependencies/my_first_package_msgs
[2.865s] -- Up-to-date: /home/mg0220/ros2_study/src/install/my_first_package_msgs/share/ament_index/resource_index/parent_prefix_path/my_first_package_msgs
[2.865s] -- Up-to-date: /home/mg0220/ros2_study/src/install/my_first_package_msgs/share/my_first_package_msgs/environment/ament_prefix_path.sh
[2.865s] -- Installing: /home/mg0220/ros2_study/src/install/my_first_package_msgs/share/my_first_package_msgs/environment/ament_prefix_path.dsv
[2.865s] -- Up-to-date: /home/mg0220/ros2_study/src/install/my_first_package_msgs/share/my_first_package_msgs/environment/path.sh
[2.866s] -- Installing: /home/mg0220/ros2_study/src/install/my_first_package_msgs/share/my_first_package_msgs/environment/path.dsv
[2.866s] -- Up-to-date: /home/mg0220/ros2_study/src/install/my_first_package_msgs/share/my_first_package_msgs/local_setup.bash
[2.866s] -- Installing: /home/mg0220/ros2_study/src/install/my_first_package_msgs/share/my_first_package_msgs/local_setup.sh
[2.866s] -- Up-to-date: /home/mg0220/ros2_study/src/install/my_first_package_msgs/share/my_first_package_msgs/local_setup.zsh
[2.866s] -- Installing: /home/mg0220/ros2_study/src/install/my_first_package_msgs/share/my_first_package_msgs/local_setup.dsv
[2.866s] -- Installing: /home/mg0220/ros2_study/src/install/my_first_package_msgs/share/my_first_package_msgs/package.dsv
[2.866s] -- Up-to-date: /home/mg0220/ros2_study/src/install/my_first_package_msgs/share/ament_index/resource_index/packages/my_first_package_msgs
[2.866s] -- Installing: /home/mg0220/ros2_study/src/install/my_first_package_msgs/share/my_first_package_msgs/cmake/export_my_first_package_msgs__rosidl_generator_cExport.cmake
[2.866s] -- Installing: /home/mg0220/ros2_study/src/install/my_first_package_msgs/share/my_first_package_msgs/cmake/export_my_first_package_msgs__rosidl_generator_cExport-noconfig.cmake
[2.866s] -- Installing: /home/mg0220/ros2_study/src/install/my_first_package_msgs/share/my_first_package_msgs/cmake/export_my_first_package_msgs__rosidl_typesupport_fastrtps_cExport.cmake
[2.866s] -- Installing: /home/mg0220/ros2_study/src/install/my_first_package_msgs/share/my_first_package_msgs/cmake/export_my_first_package_msgs__rosidl_typesupport_fastrtps_cExport-noconfig.cmake
[2.866s] -- Installing: /home/mg0220/ros2_study/src/install/my_first_package_msgs/share/my_first_package_msgs/cmake/my_first_package_msgs__rosidl_typesupport_introspection_cExport.cmake
[2.867s] -- Installing: /home/mg0220/ros2_study/src/install/my_first_package_msgs/share/my_first_package_msgs/cmake/my_first_package_msgs__rosidl_typesupport_introspection_cExport-noconfig.cmake
[2.867s] -- Installing: /home/mg0220/ros2_study/src/install/my_first_package_msgs/share/my_first_package_msgs/cmake/my_first_package_msgs__rosidl_typesupport_cExport.cmake
[2.867s] -- Installing: /home/mg0220/ros2_study/src/install/my_first_package_msgs/share/my_first_package_msgs/cmake/my_first_package_msgs__rosidl_typesupport_cExport-noconfig.cmake
[2.867s] -- Installing: /home/mg0220/ros2_study/src/install/my_first_package_msgs/share/my_first_package_msgs/cmake/export_my_first_package_msgs__rosidl_generator_cppExport.cmake
[2.867s] -- Installing: /home/mg0220/ros2_study/src/install/my_first_package_msgs/share/my_first_package_msgs/cmake/export_my_first_package_msgs__rosidl_typesupport_fastrtps_cppExport.cmake
[2.867s] -- Installing: /home/mg0220/ros2_study/src/install/my_first_package_msgs/share/my_first_package_msgs/cmake/export_my_first_package_msgs__rosidl_typesupport_fastrtps_cppExport-noconfig.cmake
[2.867s] -- Installing: /home/mg0220/ros2_study/src/install/my_first_package_msgs/share/my_first_package_msgs/cmake/my_first_package_msgs__rosidl_typesupport_introspection_cppExport.cmake
[2.867s] -- Installing: /home/mg0220/ros2_study/src/install/my_first_package_msgs/share/my_first_package_msgs/cmake/my_first_package_msgs__rosidl_typesupport_introspection_cppExport-noconfig.cmake
[2.867s] -- Installing: /home/mg0220/ros2_study/src/install/my_first_package_msgs/share/my_first_package_msgs/cmake/my_first_package_msgs__rosidl_typesupport_cppExport.cmake
[2.867s] -- Installing: /home/mg0220/ros2_study/src/install/my_first_package_msgs/share/my_first_package_msgs/cmake/my_first_package_msgs__rosidl_typesupport_cppExport-noconfig.cmake
[2.868s] -- Installing: /home/mg0220/ros2_study/src/install/my_first_package_msgs/share/my_first_package_msgs/cmake/export_my_first_package_msgs__rosidl_generator_pyExport.cmake
[2.868s] -- Installing: /home/mg0220/ros2_study/src/install/my_first_package_msgs/share/my_first_package_msgs/cmake/export_my_first_package_msgs__rosidl_generator_pyExport-noconfig.cmake
[2.868s] -- Installing: /home/mg0220/ros2_study/src/install/my_first_package_msgs/share/my_first_package_msgs/cmake/rosidl_cmake-extras.cmake
[2.868s] -- Installing: /home/mg0220/ros2_study/src/install/my_first_package_msgs/share/my_first_package_msgs/cmake/ament_cmake_export_dependencies-extras.cmake
[2.868s] -- Installing: /home/mg0220/ros2_study/src/install/my_first_package_msgs/share/my_first_package_msgs/cmake/ament_cmake_export_include_directories-extras.cmake
[2.868s] -- Installing: /home/mg0220/ros2_study/src/install/my_first_package_msgs/share/my_first_package_msgs/cmake/ament_cmake_export_libraries-extras.cmake
[2.868s] -- Installing: /home/mg0220/ros2_study/src/install/my_first_package_msgs/share/my_first_package_msgs/cmake/ament_cmake_export_targets-extras.cmake
[2.868s] -- Installing: /home/mg0220/ros2_study/src/install/my_first_package_msgs/share/my_first_package_msgs/cmake/rosidl_cmake_export_typesupport_targets-extras.cmake
[2.868s] -- Installing: /home/mg0220/ros2_study/src/install/my_first_package_msgs/share/my_first_package_msgs/cmake/rosidl_cmake_export_typesupport_libraries-extras.cmake
[2.868s] -- Installing: /home/mg0220/ros2_study/src/install/my_first_package_msgs/share/my_first_package_msgs/cmake/my_first_package_msgsConfig.cmake
[2.868s] -- Up-to-date: /home/mg0220/ros2_study/src/install/my_first_package_msgs/share/my_first_package_msgs/cmake/my_first_package_msgsConfig-version.cmake
[2.868s] -- Installing: /home/mg0220/ros2_study/src/install/my_first_package_msgs/share/my_first_package_msgs/package.xml
[2.868s] [31mCMake Error at cmake_install.cmake:630 (file):
[2.868s]   file INSTALL cannot find
[2.868s]   "/home/mg0220/ros2_study/src/my_first_package_msgs/launch": No such file or
[2.868s]   directory.
[2.868s] 
[2.868s] [0m
[2.869s] Invoked command in '/home/mg0220/ros2_study/src/build/my_first_package_msgs' returned '1': CMAKE_PREFIX_PATH=${CMAKE_PREFIX_PATH}:/home/mg0220/ros2_study/install/my_first_package:/opt/ros/humble /usr/bin/cmake --install /home/mg0220/ros2_study/src/build/my_first_package_msgs
