[0.153s] Invoking command in '/home/mg0220/ros2_study/src/build/my_first_packges': CMAKE_PREFIX_PATH=${CMAKE_PREFIX_PATH}:/home/mg0220/ros2_study/install/my_first_package:/opt/ros/humble /usr/bin/cmake /home/mg0220/ros2_study/src/my_first_packges -DCMAKE_INSTALL_PREFIX=/home/mg0220/ros2_study/src/install/my_first_packges
[0.158s] -- Found ament_cmake: 1.3.12 (/opt/ros/humble/share/ament_cmake/cmake)
[0.241s] -- Found rclpy: 3.3.17 (/opt/ros/humble/share/rclpy/cmake)
[0.241s] -- Found turtlesim: 1.4.3 (/opt/ros/humble/share/turtlesim/cmake)
[0.309s] -- Found rosidl_generator_c: 3.1.7 (/opt/ros/humble/share/rosidl_generator_c/cmake)
[0.311s] -- Found rosidl_adapter: 3.1.7 (/opt/ros/humble/share/rosidl_adapter/cmake)
[0.314s] -- Found rosidl_generator_cpp: 3.1.7 (/opt/ros/humble/share/rosidl_generator_cpp/cmake)
[0.320s] -- Using all available rosidl_typesupport_c: rosidl_typesupport_fastrtps_c;rosidl_typesupport_introspection_c
[0.326s] -- Using all available rosidl_typesupport_cpp: rosidl_typesupport_fastrtps_cpp;rosidl_typesupport_introspection_cpp
[0.353s] -- Found geometry_msgs: 4.9.0 (/opt/ros/humble/share/geometry_msgs/cmake)
[0.368s] -- Found my_first_package_msgs: 0.0.0 (/home/mg0220/ros2_study/install/my_first_package_msgs/share/my_first_package_msgs/cmake)
[0.422s] [31mCMake Error at /opt/ros/humble/share/ament_cmake_core/cmake/core/ament_package_xml.cmake:53 (message):
[0.422s]   ament_package_xml() package name 'my_first_packges' in '/package.xml' does
[0.422s]   not match current PROJECT_NAME 'my_first_package'.  You must call project()
[0.422s]   with the same package name before.
[0.423s] Call Stack (most recent call first):
[0.423s]   /opt/ros/humble/share/ament_cmake_core/cmake/core/ament_package.cmake:63 (ament_package_xml)
[0.423s]   CMakeLists.txt:32 (ament_package)
[0.423s] 
[0.423s] [0m
[0.423s] -- Configuring incomplete, errors occurred!
[0.423s] See also "/home/mg0220/ros2_study/src/build/my_first_packges/CMakeFiles/CMakeOutput.log".
