[0.397s] Invoking command in '/home/mg0220/ros2_study/build/my_first_package': PYTHONPATH=/home/mg0220/ros2_study/build/my_first_package/prefix_override:/usr/lib/python3/dist-packages/colcon_core/task/python/colcon_distutils_commands:/home/mg0220/ros2_study/install/my_first_package/lib/python3.10/site-packages:${PYTHONPATH} /usr/bin/python3 -W ignore:setup.py install is deprecated -W ignore:easy_install command is deprecated setup.py develop --uninstall --editable --build-directory /home/mg0220/ros2_study/build/my_first_package/build
[0.535s] running develop
[0.629s] Removing /home/mg0220/ros2_study/install/my_first_package/lib/python3.10/site-packages/my-first-package.egg-link (link to .)
[0.643s] Invoked command in '/home/mg0220/ros2_study/build/my_first_package' returned '0': PYTHONPATH=/home/mg0220/ros2_study/build/my_first_package/prefix_override:/usr/lib/python3/dist-packages/colcon_core/task/python/colcon_distutils_commands:/home/mg0220/ros2_study/install/my_first_package/lib/python3.10/site-packages:${PYTHONPATH} /usr/bin/python3 -W ignore:setup.py install is deprecated -W ignore:easy_install command is deprecated setup.py develop --uninstall --editable --build-directory /home/mg0220/ros2_study/build/my_first_package/build
[0.644s] Invoking command in '/home/mg0220/ros2_study/src/my_first_package': PYTHONPATH=/home/mg0220/ros2_study/build/my_first_package/prefix_override:/usr/lib/python3/dist-packages/colcon_core/task/python/colcon_distutils_commands:/home/mg0220/ros2_study/install/my_first_package/lib/python3.10/site-packages:${PYTHONPATH} /usr/bin/python3 -W ignore:setup.py install is deprecated -W ignore:easy_install command is deprecated setup.py egg_info --egg-base ../../build/my_first_package build --build-base /home/mg0220/ros2_study/build/my_first_package/build install --record /home/mg0220/ros2_study/build/my_first_package/install.log --single-version-externally-managed install_data --force
[0.773s] running egg_info
[0.774s] writing ../../build/my_first_package/my_first_package.egg-info/PKG-INFO
[0.774s] writing dependency_links to ../../build/my_first_package/my_first_package.egg-info/dependency_links.txt
[0.774s] writing entry points to ../../build/my_first_package/my_first_package.egg-info/entry_points.txt
[0.774s] writing requirements to ../../build/my_first_package/my_first_package.egg-info/requires.txt
[0.774s] writing top-level names to ../../build/my_first_package/my_first_package.egg-info/top_level.txt
[0.776s] reading manifest file '../../build/my_first_package/my_first_package.egg-info/SOURCES.txt'
[0.776s] writing manifest file '../../build/my_first_package/my_first_package.egg-info/SOURCES.txt'
[0.776s] running build
[0.777s] running build_py
[0.777s] creating /home/mg0220/ros2_study/build/my_first_package/build
[0.777s] creating /home/mg0220/ros2_study/build/my_first_package/build/lib
[0.777s] creating /home/mg0220/ros2_study/build/my_first_package/build/lib/my_first_package
[0.777s] copying my_first_package/my_subscriber.py -> /home/mg0220/ros2_study/build/my_first_package/build/lib/my_first_package
[0.777s] copying my_first_package/dist_turtle_action_server.py -> /home/mg0220/ros2_study/build/my_first_package/build/lib/my_first_package
[0.778s] copying my_first_package/my_multi_thread.py -> /home/mg0220/ros2_study/build/my_first_package/build/lib/my_first_package
[0.778s] copying my_first_package/my_publisher.py -> /home/mg0220/ros2_study/build/my_first_package/build/lib/my_first_package
[0.778s] copying my_first_package/turtle_cmd_and_pose.py -> /home/mg0220/ros2_study/build/my_first_package/build/lib/my_first_package
[0.778s] copying my_first_package/__init__.py -> /home/mg0220/ros2_study/build/my_first_package/build/lib/my_first_package
[0.779s] copying my_first_package/my_first_node.py -> /home/mg0220/ros2_study/build/my_first_package/build/lib/my_first_package
[0.779s] running install
[0.779s] running install_lib
[0.780s] creating /home/mg0220/ros2_study/install/my_first_package/lib/python3.10/site-packages/my_first_package
[0.780s] copying /home/mg0220/ros2_study/build/my_first_package/build/lib/my_first_package/my_subscriber.py -> /home/mg0220/ros2_study/install/my_first_package/lib/python3.10/site-packages/my_first_package
[0.780s] copying /home/mg0220/ros2_study/build/my_first_package/build/lib/my_first_package/dist_turtle_action_server.py -> /home/mg0220/ros2_study/install/my_first_package/lib/python3.10/site-packages/my_first_package
[0.780s] copying /home/mg0220/ros2_study/build/my_first_package/build/lib/my_first_package/my_multi_thread.py -> /home/mg0220/ros2_study/install/my_first_package/lib/python3.10/site-packages/my_first_package
[0.781s] copying /home/mg0220/ros2_study/build/my_first_package/build/lib/my_first_package/my_publisher.py -> /home/mg0220/ros2_study/install/my_first_package/lib/python3.10/site-packages/my_first_package
[0.781s] copying /home/mg0220/ros2_study/build/my_first_package/build/lib/my_first_package/turtle_cmd_and_pose.py -> /home/mg0220/ros2_study/install/my_first_package/lib/python3.10/site-packages/my_first_package
[0.781s] copying /home/mg0220/ros2_study/build/my_first_package/build/lib/my_first_package/__init__.py -> /home/mg0220/ros2_study/install/my_first_package/lib/python3.10/site-packages/my_first_package
[0.781s] copying /home/mg0220/ros2_study/build/my_first_package/build/lib/my_first_package/my_first_node.py -> /home/mg0220/ros2_study/install/my_first_package/lib/python3.10/site-packages/my_first_package
[0.781s] byte-compiling /home/mg0220/ros2_study/install/my_first_package/lib/python3.10/site-packages/my_first_package/my_subscriber.py to my_subscriber.cpython-310.pyc
[0.781s] byte-compiling /home/mg0220/ros2_study/install/my_first_package/lib/python3.10/site-packages/my_first_package/dist_turtle_action_server.py to dist_turtle_action_server.cpython-310.pyc
[0.782s] byte-compiling /home/mg0220/ros2_study/install/my_first_package/lib/python3.10/site-packages/my_first_package/my_multi_thread.py to my_multi_thread.cpython-310.pyc
[0.782s] byte-compiling /home/mg0220/ros2_study/install/my_first_package/lib/python3.10/site-packages/my_first_package/my_publisher.py to my_publisher.cpython-310.pyc
[0.782s] byte-compiling /home/mg0220/ros2_study/install/my_first_package/lib/python3.10/site-packages/my_first_package/turtle_cmd_and_pose.py to turtle_cmd_and_pose.cpython-310.pyc
[0.782s] byte-compiling /home/mg0220/ros2_study/install/my_first_package/lib/python3.10/site-packages/my_first_package/__init__.py to __init__.cpython-310.pyc
[0.782s] byte-compiling /home/mg0220/ros2_study/install/my_first_package/lib/python3.10/site-packages/my_first_package/my_first_node.py to my_first_node.cpython-310.pyc
[0.783s] running install_data
[0.783s] copying resource/my_first_package -> /home/mg0220/ros2_study/install/my_first_package/share/ament_index/resource_index/packages
[0.783s] copying package.xml -> /home/mg0220/ros2_study/install/my_first_package/share/my_first_package
[0.784s] running install_egg_info
[0.785s] Copying ../../build/my_first_package/my_first_package.egg-info to /home/mg0220/ros2_study/install/my_first_package/lib/python3.10/site-packages/my_first_package-0.0.0-py3.10.egg-info
[0.785s] running install_scripts
[0.797s] Installing dist_turtle_action_server script to /home/mg0220/ros2_study/install/my_first_package/lib/my_first_package
[0.797s] Installing my_first_node script to /home/mg0220/ros2_study/install/my_first_package/lib/my_first_package
[0.797s] Installing my_multi_thread script to /home/mg0220/ros2_study/install/my_first_package/lib/my_first_package
[0.797s] Installing my_publisher script to /home/mg0220/ros2_study/install/my_first_package/lib/my_first_package
[0.798s] Installing my_subscriber script to /home/mg0220/ros2_study/install/my_first_package/lib/my_first_package
[0.798s] Installing turtle_cmd_and_pose script to /home/mg0220/ros2_study/install/my_first_package/lib/my_first_package
[0.798s] writing list of installed files to '/home/mg0220/ros2_study/build/my_first_package/install.log'
[0.812s] Invoked command in '/home/mg0220/ros2_study/src/my_first_package' returned '0': PYTHONPATH=/home/mg0220/ros2_study/build/my_first_package/prefix_override:/usr/lib/python3/dist-packages/colcon_core/task/python/colcon_distutils_commands:/home/mg0220/ros2_study/install/my_first_package/lib/python3.10/site-packages:${PYTHONPATH} /usr/bin/python3 -W ignore:setup.py install is deprecated -W ignore:easy_install command is deprecated setup.py egg_info --egg-base ../../build/my_first_package build --build-base /home/mg0220/ros2_study/build/my_first_package/build install --record /home/mg0220/ros2_study/build/my_first_package/install.log --single-version-externally-managed install_data --force
