[0.009s] Invoking command in '/home/mg0220/ros2_study/src/build/my_first_package_msgs': CMAKE_PREFIX_PATH=${CMAKE_PREFIX_PATH}:/home/mg0220/ros2_study/install/my_first_package:/opt/ros/humble /usr/bin/cmake /home/mg0220/ros2_study/src/my_first_package_msgs -DCMAKE_INSTALL_PREFIX=/home/mg0220/ros2_study/src/install/my_first_package_msgs
[0.126s] -- The C compiler identification is GNU 11.4.0
[0.296s] -- The CXX compiler identification is GNU 11.4.0
[0.388s] -- Detecting C compiler ABI info
[0.453s] -- Detecting C compiler ABI info - done
[0.456s] -- Check for working C compiler: /usr/bin/cc - skipped
[0.457s] -- Detecting C compile features
[0.457s] -- Detecting C compile features - done
[0.460s] -- Detecting CXX compiler ABI info
[0.565s] -- Detecting CXX compiler ABI info - done
[0.567s] -- Check for working CXX compiler: /usr/bin/c++ - skipped
[0.567s] -- Detecting CXX compile features
[0.568s] -- Detecting CXX compile features - done
[0.577s] -- Found ament_cmake: 1.3.12 (/opt/ros/humble/share/ament_cmake/cmake)
[0.665s] -- Found Python3: /usr/bin/python3 (found version "3.10.12") found components: Interpreter 
[0.732s] -- Found ament_lint_auto: 0.12.14 (/opt/ros/humble/share/ament_lint_auto/cmake)
[0.793s] -- Added test 'lint_cmake' to check CMake code style
[0.795s] -- Added test 'xmllint' to check XML markup files
[0.796s] -- Configuring done
[0.798s] -- Generating done
[0.799s] -- Build files have been written to: /home/mg0220/ros2_study/src/build/my_first_package_msgs
[0.802s] Invoked command in '/home/mg0220/ros2_study/src/build/my_first_package_msgs' returned '0': CMAKE_PREFIX_PATH=${CMAKE_PREFIX_PATH}:/home/mg0220/ros2_study/install/my_first_package:/opt/ros/humble /usr/bin/cmake /home/mg0220/ros2_study/src/my_first_package_msgs -DCMAKE_INSTALL_PREFIX=/home/mg0220/ros2_study/src/install/my_first_package_msgs
[0.803s] Invoking command in '/home/mg0220/ros2_study/src/build/my_first_package_msgs': CMAKE_PREFIX_PATH=${CMAKE_PREFIX_PATH}:/home/mg0220/ros2_study/install/my_first_package:/opt/ros/humble /usr/bin/cmake --build /home/mg0220/ros2_study/src/build/my_first_package_msgs -- -j20 -l20
[0.822s] Invoked command in '/home/mg0220/ros2_study/src/build/my_first_package_msgs' returned '0': CMAKE_PREFIX_PATH=${CMAKE_PREFIX_PATH}:/home/mg0220/ros2_study/install/my_first_package:/opt/ros/humble /usr/bin/cmake --build /home/mg0220/ros2_study/src/build/my_first_package_msgs -- -j20 -l20
[0.827s] Invoking command in '/home/mg0220/ros2_study/src/build/my_first_package_msgs': CMAKE_PREFIX_PATH=${CMAKE_PREFIX_PATH}:/home/mg0220/ros2_study/install/my_first_package:/opt/ros/humble /usr/bin/cmake --install /home/mg0220/ros2_study/src/build/my_first_package_msgs
[0.831s] -- Install configuration: ""
[0.831s] -- Installing: /home/mg0220/ros2_study/src/install/my_first_package_msgs/share/ament_index/resource_index/package_run_dependencies/my_first_package_msgs
[0.832s] -- Installing: /home/mg0220/ros2_study/src/install/my_first_package_msgs/share/ament_index/resource_index/parent_prefix_path/my_first_package_msgs
[0.832s] -- Installing: /home/mg0220/ros2_study/src/install/my_first_package_msgs/share/my_first_package_msgs/environment/ament_prefix_path.sh
[0.832s] -- Installing: /home/mg0220/ros2_study/src/install/my_first_package_msgs/share/my_first_package_msgs/environment/ament_prefix_path.dsv
[0.832s] -- Installing: /home/mg0220/ros2_study/src/install/my_first_package_msgs/share/my_first_package_msgs/environment/path.sh
[0.832s] -- Installing: /home/mg0220/ros2_study/src/install/my_first_package_msgs/share/my_first_package_msgs/environment/path.dsv
[0.832s] -- Installing: /home/mg0220/ros2_study/src/install/my_first_package_msgs/share/my_first_package_msgs/local_setup.bash
[0.832s] -- Installing: /home/mg0220/ros2_study/src/install/my_first_package_msgs/share/my_first_package_msgs/local_setup.sh
[0.832s] -- Installing: /home/mg0220/ros2_study/src/install/my_first_package_msgs/share/my_first_package_msgs/local_setup.zsh
[0.832s] -- Installing: /home/mg0220/ros2_study/src/install/my_first_package_msgs/share/my_first_package_msgs/local_setup.dsv
[0.832s] -- Installing: /home/mg0220/ros2_study/src/install/my_first_package_msgs/share/my_first_package_msgs/package.dsv
[0.832s] -- Installing: /home/mg0220/ros2_study/src/install/my_first_package_msgs/share/ament_index/resource_index/packages/my_first_package_msgs
[0.833s] -- Installing: /home/mg0220/ros2_study/src/install/my_first_package_msgs/share/my_first_package_msgs/cmake/my_first_package_msgsConfig.cmake
[0.833s] -- Installing: /home/mg0220/ros2_study/src/install/my_first_package_msgs/share/my_first_package_msgs/cmake/my_first_package_msgsConfig-version.cmake
[0.833s] -- Installing: /home/mg0220/ros2_study/src/install/my_first_package_msgs/share/my_first_package_msgs/package.xml
[0.834s] Invoked command in '/home/mg0220/ros2_study/src/build/my_first_package_msgs' returned '0': CMAKE_PREFIX_PATH=${CMAKE_PREFIX_PATH}:/home/mg0220/ros2_study/install/my_first_package:/opt/ros/humble /usr/bin/cmake --install /home/mg0220/ros2_study/src/build/my_first_package_msgs
