[0.151s] Invoking command in '/home/mg0220/ros2_study/build/my_first_package_msgs': CMAKE_PREFIX_PATH=${CMAKE_PREFIX_PATH}:/home/mg0220/ros2_study/install/my_first_package:/opt/ros/humble /usr/bin/cmake /home/mg0220/ros2_study/src/my_first_package_msgs -DCMAKE_INSTALL_PREFIX=/home/mg0220/ros2_study/install/my_first_package_msgs
[0.193s] -- Found ament_cmake: 1.3.12 (/opt/ros/humble/share/ament_cmake/cmake)
[0.278s] -- Override CMake install command with custom implementation using symlinks instead of copying resources
[0.297s] -- Found rosidl_default_generators: 1.2.0 (/opt/ros/humble/share/rosidl_default_generators/cmake)
[0.301s] -- Using all available rosidl_typesupport_c: rosidl_typesupport_fastrtps_c;rosidl_typesupport_introspection_c
[0.305s] -- Found rosidl_adapter: 3.1.7 (/opt/ros/humble/share/rosidl_adapter/cmake)
[0.383s] -- Using all available rosidl_typesupport_cpp: rosidl_typesupport_fastrtps_cpp;rosidl_typesupport_introspection_cpp
[0.605s] -- Found ament_cmake_ros: 0.10.0 (/opt/ros/humble/share/ament_cmake_ros/cmake)
[0.718s] -- Using all available rosidl_typesupport_c: rosidl_typesupport_fastrtps_c;rosidl_typesupport_introspection_c
[0.864s] -- Using all available rosidl_typesupport_cpp: rosidl_typesupport_fastrtps_cpp;rosidl_typesupport_introspection_cpp
[0.877s] -- Found python_cmake_module: 0.10.0 (/opt/ros/humble/share/python_cmake_module/cmake)
[0.893s] -- Using PYTHON_EXECUTABLE: /usr/bin/python3
[0.893s] -- Using PYTHON_INCLUDE_DIRS: /usr/include/python3.10
[0.893s] -- Using PYTHON_LIBRARIES: /usr/lib/x86_64-linux-gnu/libpython3.10.so
[0.905s] -- Found ament_lint_auto: 0.12.14 (/opt/ros/humble/share/ament_lint_auto/cmake)
[0.924s] -- Added test 'lint_cmake' to check CMake code style
[0.925s] -- Added test 'xmllint' to check XML markup files
[0.928s] -- Configuring done
[0.967s] -- Generating done
[0.973s] -- Build files have been written to: /home/mg0220/ros2_study/build/my_first_package_msgs
[0.979s] Invoked command in '/home/mg0220/ros2_study/build/my_first_package_msgs' returned '0': CMAKE_PREFIX_PATH=${CMAKE_PREFIX_PATH}:/home/mg0220/ros2_study/install/my_first_package:/opt/ros/humble /usr/bin/cmake /home/mg0220/ros2_study/src/my_first_package_msgs -DCMAKE_INSTALL_PREFIX=/home/mg0220/ros2_study/install/my_first_package_msgs
[0.980s] Invoking command in '/home/mg0220/ros2_study/build/my_first_package_msgs': CMAKE_PREFIX_PATH=${CMAKE_PREFIX_PATH}:/home/mg0220/ros2_study/install/my_first_package:/opt/ros/humble /usr/bin/cmake --build /home/mg0220/ros2_study/build/my_first_package_msgs -- -j20 -l20
[1.003s] [35m[1mConsolidate compiler generated dependencies of target my_first_package_msgs__rosidl_generator_c[0m
[1.008s] [  2%] Built target my_first_package_msgs__cpp
[1.013s] [ 12%] Built target my_first_package_msgs__rosidl_generator_c
[1.013s] [ 12%] Built target ament_cmake_python_symlink_my_first_package_msgs
[1.015s] [35m[1mConsolidate compiler generated dependencies of target my_first_package_msgs__rosidl_typesupport_cpp[0m
[1.015s] [35m[1mConsolidate compiler generated dependencies of target my_first_package_msgs__rosidl_typesupport_introspection_cpp[0m
[1.015s] [35m[1mConsolidate compiler generated dependencies of target my_first_package_msgs__rosidl_typesupport_fastrtps_cpp[0m
[1.020s] [35m[1mConsolidate compiler generated dependencies of target my_first_package_msgs__rosidl_typesupport_introspection_c[0m
[1.020s] [35m[1mConsolidate compiler generated dependencies of target my_first_package_msgs__rosidl_typesupport_fastrtps_c[0m
[1.020s] [35m[1mConsolidate compiler generated dependencies of target my_first_package_msgs__rosidl_typesupport_c[0m
[1.028s] [ 23%] Built target my_first_package_msgs__rosidl_typesupport_introspection_c
[1.028s] [ 33%] Built target my_first_package_msgs__rosidl_typesupport_c
[1.029s] [ 43%] Built target my_first_package_msgs__rosidl_typesupport_cpp
[1.029s] [ 53%] Built target my_first_package_msgs__rosidl_typesupport_fastrtps_cpp
[1.029s] [ 64%] Built target my_first_package_msgs__rosidl_typesupport_introspection_cpp
[1.030s] [ 74%] Built target my_first_package_msgs__rosidl_typesupport_fastrtps_c
[1.041s] [ 74%] Built target my_first_package_msgs
[1.052s] [ 76%] Built target my_first_package_msgs__py
[1.058s] [35m[1mConsolidate compiler generated dependencies of target my_first_package_msgs__rosidl_generator_py[0m
[1.067s] [ 84%] Built target my_first_package_msgs__rosidl_generator_py
[1.073s] [35m[1mConsolidate compiler generated dependencies of target my_first_package_msgs__rosidl_typesupport_fastrtps_c__pyext[0m
[1.073s] [35m[1mConsolidate compiler generated dependencies of target my_first_package_msgs__rosidl_typesupport_c__pyext[0m
[1.073s] [35m[1mConsolidate compiler generated dependencies of target my_first_package_msgs__rosidl_typesupport_introspection_c__pyext[0m
[1.079s] [ 94%] Built target my_first_package_msgs__rosidl_typesupport_c__pyext
[1.079s] [ 94%] Built target my_first_package_msgs__rosidl_typesupport_fastrtps_c__pyext
[1.079s] [100%] Built target my_first_package_msgs__rosidl_typesupport_introspection_c__pyext
[1.152s] running egg_info
[1.152s] writing my_first_package_msgs.egg-info/PKG-INFO
[1.152s] writing dependency_links to my_first_package_msgs.egg-info/dependency_links.txt
[1.153s] writing top-level names to my_first_package_msgs.egg-info/top_level.txt
[1.154s] reading manifest file 'my_first_package_msgs.egg-info/SOURCES.txt'
[1.154s] writing manifest file 'my_first_package_msgs.egg-info/SOURCES.txt'
[1.169s] [100%] Built target ament_cmake_python_build_my_first_package_msgs_egg
[1.175s] Invoked command in '/home/mg0220/ros2_study/build/my_first_package_msgs' returned '0': CMAKE_PREFIX_PATH=${CMAKE_PREFIX_PATH}:/home/mg0220/ros2_study/install/my_first_package:/opt/ros/humble /usr/bin/cmake --build /home/mg0220/ros2_study/build/my_first_package_msgs -- -j20 -l20
[1.180s] Invoking command in '/home/mg0220/ros2_study/build/my_first_package_msgs': CMAKE_PREFIX_PATH=${CMAKE_PREFIX_PATH}:/home/mg0220/ros2_study/install/my_first_package:/opt/ros/humble /usr/bin/cmake --install /home/mg0220/ros2_study/build/my_first_package_msgs
[1.184s] -- Install configuration: ""
[1.184s] -- Execute custom install script
[1.185s] -- Up-to-date symlink: /home/mg0220/ros2_study/install/my_first_package_msgs/share/ament_index/resource_index/rosidl_interfaces/my_first_package_msgs
[1.186s] -- Up-to-date symlink: /home/mg0220/ros2_study/install/my_first_package_msgs/include/my_first_package_msgs/my_first_package_msgs/action/detail/dist_turtle__functions.h
[1.186s] -- Up-to-date symlink: /home/mg0220/ros2_study/install/my_first_package_msgs/include/my_first_package_msgs/my_first_package_msgs/action/detail/dist_turtle__struct.h
[1.186s] -- Up-to-date symlink: /home/mg0220/ros2_study/install/my_first_package_msgs/include/my_first_package_msgs/my_first_package_msgs/action/detail/dist_turtle__type_support.h
[1.187s] -- Up-to-date symlink: /home/mg0220/ros2_study/install/my_first_package_msgs/include/my_first_package_msgs/my_first_package_msgs/action/dist_turtle.h
[1.187s] -- Up-to-date symlink: /home/mg0220/ros2_study/install/my_first_package_msgs/include/my_first_package_msgs/my_first_package_msgs/msg/cmd_and_pose_vel.h
[1.187s] -- Up-to-date symlink: /home/mg0220/ros2_study/install/my_first_package_msgs/include/my_first_package_msgs/my_first_package_msgs/msg/detail/cmd_and_pose_vel__functions.h
[1.187s] -- Up-to-date symlink: /home/mg0220/ros2_study/install/my_first_package_msgs/include/my_first_package_msgs/my_first_package_msgs/msg/detail/cmd_and_pose_vel__struct.h
[1.188s] -- Up-to-date symlink: /home/mg0220/ros2_study/install/my_first_package_msgs/include/my_first_package_msgs/my_first_package_msgs/msg/detail/cmd_and_pose_vel__type_support.h
[1.188s] -- Up-to-date symlink: /home/mg0220/ros2_study/install/my_first_package_msgs/include/my_first_package_msgs/my_first_package_msgs/msg/rosidl_generator_c__visibility_control.h
[1.188s] -- Up-to-date symlink: /home/mg0220/ros2_study/install/my_first_package_msgs/share/my_first_package_msgs/environment/library_path.sh
[1.188s] -- Up-to-date symlink: /home/mg0220/ros2_study/install/my_first_package_msgs/share/my_first_package_msgs/environment/library_path.dsv
[1.189s] -- Up-to-date symlink: /home/mg0220/ros2_study/install/my_first_package_msgs/include/my_first_package_msgs/my_first_package_msgs/action/detail/dist_turtle__rosidl_typesupport_fastrtps_c.h
[1.189s] -- Up-to-date symlink: /home/mg0220/ros2_study/install/my_first_package_msgs/include/my_first_package_msgs/my_first_package_msgs/msg/detail/cmd_and_pose_vel__rosidl_typesupport_fastrtps_c.h
[1.189s] -- Up-to-date symlink: /home/mg0220/ros2_study/install/my_first_package_msgs/include/my_first_package_msgs/my_first_package_msgs/msg/rosidl_typesupport_fastrtps_c__visibility_control.h
[1.190s] -- Up-to-date symlink: /home/mg0220/ros2_study/install/my_first_package_msgs/include/my_first_package_msgs/my_first_package_msgs/action/detail/dist_turtle__rosidl_typesupport_introspection_c.h
[1.190s] -- Up-to-date symlink: /home/mg0220/ros2_study/install/my_first_package_msgs/include/my_first_package_msgs/my_first_package_msgs/msg/detail/cmd_and_pose_vel__rosidl_typesupport_introspection_c.h
[1.190s] -- Up-to-date symlink: /home/mg0220/ros2_study/install/my_first_package_msgs/include/my_first_package_msgs/my_first_package_msgs/msg/rosidl_typesupport_introspection_c__visibility_control.h
[1.191s] -- Up-to-date symlink: /home/mg0220/ros2_study/install/my_first_package_msgs/include/my_first_package_msgs/my_first_package_msgs/action/detail/dist_turtle__builder.hpp
[1.192s] -- Up-to-date symlink: /home/mg0220/ros2_study/install/my_first_package_msgs/include/my_first_package_msgs/my_first_package_msgs/action/detail/dist_turtle__struct.hpp
[1.192s] -- Up-to-date symlink: /home/mg0220/ros2_study/install/my_first_package_msgs/include/my_first_package_msgs/my_first_package_msgs/action/detail/dist_turtle__traits.hpp
[1.192s] -- Up-to-date symlink: /home/mg0220/ros2_study/install/my_first_package_msgs/include/my_first_package_msgs/my_first_package_msgs/action/detail/dist_turtle__type_support.hpp
[1.193s] -- Up-to-date symlink: /home/mg0220/ros2_study/install/my_first_package_msgs/include/my_first_package_msgs/my_first_package_msgs/action/dist_turtle.hpp
[1.193s] -- Up-to-date symlink: /home/mg0220/ros2_study/install/my_first_package_msgs/include/my_first_package_msgs/my_first_package_msgs/msg/cmd_and_pose_vel.hpp
[1.193s] -- Up-to-date symlink: /home/mg0220/ros2_study/install/my_first_package_msgs/include/my_first_package_msgs/my_first_package_msgs/msg/detail/cmd_and_pose_vel__builder.hpp
[1.193s] -- Up-to-date symlink: /home/mg0220/ros2_study/install/my_first_package_msgs/include/my_first_package_msgs/my_first_package_msgs/msg/detail/cmd_and_pose_vel__struct.hpp
[1.193s] -- Up-to-date symlink: /home/mg0220/ros2_study/install/my_first_package_msgs/include/my_first_package_msgs/my_first_package_msgs/msg/detail/cmd_and_pose_vel__traits.hpp
[1.194s] -- Up-to-date symlink: /home/mg0220/ros2_study/install/my_first_package_msgs/include/my_first_package_msgs/my_first_package_msgs/msg/detail/cmd_and_pose_vel__type_support.hpp
[1.194s] -- Up-to-date symlink: /home/mg0220/ros2_study/install/my_first_package_msgs/include/my_first_package_msgs/my_first_package_msgs/msg/rosidl_generator_cpp__visibility_control.hpp
[1.195s] -- Up-to-date symlink: /home/mg0220/ros2_study/install/my_first_package_msgs/include/my_first_package_msgs/my_first_package_msgs/action/detail/dist_turtle__rosidl_typesupport_fastrtps_cpp.hpp
[1.195s] -- Up-to-date symlink: /home/mg0220/ros2_study/install/my_first_package_msgs/include/my_first_package_msgs/my_first_package_msgs/msg/detail/cmd_and_pose_vel__rosidl_typesupport_fastrtps_cpp.hpp
[1.195s] -- Up-to-date symlink: /home/mg0220/ros2_study/install/my_first_package_msgs/include/my_first_package_msgs/my_first_package_msgs/msg/rosidl_typesupport_fastrtps_cpp__visibility_control.h
[1.196s] -- Up-to-date symlink: /home/mg0220/ros2_study/install/my_first_package_msgs/include/my_first_package_msgs/my_first_package_msgs/action/detail/dist_turtle__rosidl_typesupport_introspection_cpp.hpp
[1.196s] -- Up-to-date symlink: /home/mg0220/ros2_study/install/my_first_package_msgs/include/my_first_package_msgs/my_first_package_msgs/msg/detail/cmd_and_pose_vel__rosidl_typesupport_introspection_cpp.hpp
[1.197s] -- Up-to-date symlink: /home/mg0220/ros2_study/install/my_first_package_msgs/share/my_first_package_msgs/environment/pythonpath.sh
[1.197s] -- Up-to-date symlink: /home/mg0220/ros2_study/install/my_first_package_msgs/share/my_first_package_msgs/environment/pythonpath.dsv
[1.197s] -- Up-to-date symlink: /home/mg0220/ros2_study/install/my_first_package_msgs/local/lib/python3.10/dist-packages/my_first_package_msgs-0.0.0-py3.10.egg-info/PKG-INFO
[1.197s] -- Up-to-date symlink: /home/mg0220/ros2_study/install/my_first_package_msgs/local/lib/python3.10/dist-packages/my_first_package_msgs-0.0.0-py3.10.egg-info/SOURCES.txt
[1.198s] -- Up-to-date symlink: /home/mg0220/ros2_study/install/my_first_package_msgs/local/lib/python3.10/dist-packages/my_first_package_msgs-0.0.0-py3.10.egg-info/dependency_links.txt
[1.198s] -- Up-to-date symlink: /home/mg0220/ros2_study/install/my_first_package_msgs/local/lib/python3.10/dist-packages/my_first_package_msgs-0.0.0-py3.10.egg-info/top_level.txt
[1.198s] -- Up-to-date symlink: /home/mg0220/ros2_study/install/my_first_package_msgs/local/lib/python3.10/dist-packages/my_first_package_msgs/__init__.py
[1.198s] -- Up-to-date symlink: /home/mg0220/ros2_study/install/my_first_package_msgs/local/lib/python3.10/dist-packages/my_first_package_msgs/_my_first_package_msgs_s.ep.rosidl_typesupport_c.c
[1.199s] -- Up-to-date symlink: /home/mg0220/ros2_study/install/my_first_package_msgs/local/lib/python3.10/dist-packages/my_first_package_msgs/_my_first_package_msgs_s.ep.rosidl_typesupport_fastrtps_c.c
[1.199s] -- Up-to-date symlink: /home/mg0220/ros2_study/install/my_first_package_msgs/local/lib/python3.10/dist-packages/my_first_package_msgs/_my_first_package_msgs_s.ep.rosidl_typesupport_introspection_c.c
[1.199s] -- Up-to-date symlink: /home/mg0220/ros2_study/install/my_first_package_msgs/local/lib/python3.10/dist-packages/my_first_package_msgs/action/__init__.py
[1.199s] -- Up-to-date symlink: /home/mg0220/ros2_study/install/my_first_package_msgs/local/lib/python3.10/dist-packages/my_first_package_msgs/action/_dist_turtle.py
[1.199s] -- Up-to-date symlink: /home/mg0220/ros2_study/install/my_first_package_msgs/local/lib/python3.10/dist-packages/my_first_package_msgs/action/_dist_turtle_s.c
[1.199s] -- Up-to-date symlink: /home/mg0220/ros2_study/install/my_first_package_msgs/local/lib/python3.10/dist-packages/my_first_package_msgs/libmy_first_package_msgs__rosidl_generator_py.so
[1.200s] -- Up-to-date symlink: /home/mg0220/ros2_study/install/my_first_package_msgs/local/lib/python3.10/dist-packages/my_first_package_msgs/msg/__init__.py
[1.200s] -- Up-to-date symlink: /home/mg0220/ros2_study/install/my_first_package_msgs/local/lib/python3.10/dist-packages/my_first_package_msgs/msg/_cmd_and_pose_vel.py
[1.200s] -- Up-to-date symlink: /home/mg0220/ros2_study/install/my_first_package_msgs/local/lib/python3.10/dist-packages/my_first_package_msgs/msg/_cmd_and_pose_vel_s.c
[1.200s] -- Up-to-date symlink: /home/mg0220/ros2_study/install/my_first_package_msgs/local/lib/python3.10/dist-packages/my_first_package_msgs/my_first_package_msgs_s__rosidl_typesupport_c.cpython-310-x86_64-linux-gnu.so
[1.200s] -- Up-to-date symlink: /home/mg0220/ros2_study/install/my_first_package_msgs/local/lib/python3.10/dist-packages/my_first_package_msgs/my_first_package_msgs_s__rosidl_typesupport_fastrtps_c.cpython-310-x86_64-linux-gnu.so
[1.200s] -- Up-to-date symlink: /home/mg0220/ros2_study/install/my_first_package_msgs/local/lib/python3.10/dist-packages/my_first_package_msgs/my_first_package_msgs_s__rosidl_typesupport_introspection_c.cpython-310-x86_64-linux-gnu.so
[1.201s] -- Up-to-date symlink: /home/mg0220/ros2_study/install/my_first_package_msgs/local/lib/python3.10/dist-packages/my_first_package_msgs/my_first_package_msgs_s__rosidl_typesupport_fastrtps_c.cpython-310-x86_64-linux-gnu.so
[1.201s] -- Up-to-date symlink: /home/mg0220/ros2_study/install/my_first_package_msgs/local/lib/python3.10/dist-packages/my_first_package_msgs/my_first_package_msgs_s__rosidl_typesupport_introspection_c.cpython-310-x86_64-linux-gnu.so
[1.201s] -- Up-to-date symlink: /home/mg0220/ros2_study/install/my_first_package_msgs/local/lib/python3.10/dist-packages/my_first_package_msgs/my_first_package_msgs_s__rosidl_typesupport_c.cpython-310-x86_64-linux-gnu.so
[1.201s] -- Up-to-date symlink: /home/mg0220/ros2_study/install/my_first_package_msgs/share/my_first_package_msgs/msg/CmdAndPoseVel.idl
[1.201s] -- Up-to-date symlink: /home/mg0220/ros2_study/install/my_first_package_msgs/share/my_first_package_msgs/action/DistTurtle.idl
[1.201s] -- Up-to-date symlink: /home/mg0220/ros2_study/install/my_first_package_msgs/share/my_first_package_msgs/msg/CmdAndPoseVel.msg
[1.202s] -- Up-to-date symlink: /home/mg0220/ros2_study/install/my_first_package_msgs/share/my_first_package_msgs/action/DistTurtle.action
[1.202s] -- Up-to-date symlink: /home/mg0220/ros2_study/install/my_first_package_msgs/share/ament_index/resource_index/package_run_dependencies/my_first_package_msgs
[1.202s] -- Up-to-date symlink: /home/mg0220/ros2_study/install/my_first_package_msgs/share/ament_index/resource_index/parent_prefix_path/my_first_package_msgs
[1.202s] -- Up-to-date symlink: /home/mg0220/ros2_study/install/my_first_package_msgs/share/my_first_package_msgs/environment/ament_prefix_path.sh
[1.202s] -- Up-to-date symlink: /home/mg0220/ros2_study/install/my_first_package_msgs/share/my_first_package_msgs/environment/ament_prefix_path.dsv
[1.202s] -- Up-to-date symlink: /home/mg0220/ros2_study/install/my_first_package_msgs/share/my_first_package_msgs/environment/path.sh
[1.203s] -- Up-to-date symlink: /home/mg0220/ros2_study/install/my_first_package_msgs/share/my_first_package_msgs/environment/path.dsv
[1.203s] -- Up-to-date symlink: /home/mg0220/ros2_study/install/my_first_package_msgs/share/my_first_package_msgs/local_setup.bash
[1.203s] -- Up-to-date symlink: /home/mg0220/ros2_study/install/my_first_package_msgs/share/my_first_package_msgs/local_setup.sh
[1.203s] -- Up-to-date symlink: /home/mg0220/ros2_study/install/my_first_package_msgs/share/my_first_package_msgs/local_setup.zsh
[1.203s] -- Up-to-date symlink: /home/mg0220/ros2_study/install/my_first_package_msgs/share/my_first_package_msgs/local_setup.dsv
[1.203s] -- Symlinking: /home/mg0220/ros2_study/install/my_first_package_msgs/share/my_first_package_msgs/package.dsv
[1.209s] -- Up-to-date symlink: /home/mg0220/ros2_study/install/my_first_package_msgs/share/ament_index/resource_index/packages/my_first_package_msgs
[1.209s] -- Up-to-date symlink: /home/mg0220/ros2_study/install/my_first_package_msgs/share/my_first_package_msgs/cmake/rosidl_cmake-extras.cmake
[1.209s] -- Up-to-date symlink: /home/mg0220/ros2_study/install/my_first_package_msgs/share/my_first_package_msgs/cmake/ament_cmake_export_dependencies-extras.cmake
[1.209s] -- Up-to-date symlink: /home/mg0220/ros2_study/install/my_first_package_msgs/share/my_first_package_msgs/cmake/ament_cmake_export_include_directories-extras.cmake
[1.210s] -- Up-to-date symlink: /home/mg0220/ros2_study/install/my_first_package_msgs/share/my_first_package_msgs/cmake/ament_cmake_export_libraries-extras.cmake
[1.210s] -- Up-to-date symlink: /home/mg0220/ros2_study/install/my_first_package_msgs/share/my_first_package_msgs/cmake/ament_cmake_export_targets-extras.cmake
[1.210s] -- Up-to-date symlink: /home/mg0220/ros2_study/install/my_first_package_msgs/share/my_first_package_msgs/cmake/rosidl_cmake_export_typesupport_targets-extras.cmake
[1.210s] -- Up-to-date symlink: /home/mg0220/ros2_study/install/my_first_package_msgs/share/my_first_package_msgs/cmake/rosidl_cmake_export_typesupport_libraries-extras.cmake
[1.211s] -- Up-to-date symlink: /home/mg0220/ros2_study/install/my_first_package_msgs/share/my_first_package_msgs/cmake/my_first_package_msgsConfig.cmake
[1.211s] -- Up-to-date symlink: /home/mg0220/ros2_study/install/my_first_package_msgs/share/my_first_package_msgs/cmake/my_first_package_msgsConfig-version.cmake
[1.211s] -- Up-to-date symlink: /home/mg0220/ros2_study/install/my_first_package_msgs/share/my_first_package_msgs/package.xml
[1.212s] -- Up-to-date: /home/mg0220/ros2_study/install/my_first_package_msgs/lib/libmy_first_package_msgs__rosidl_generator_c.so
[1.212s] -- Up-to-date: /home/mg0220/ros2_study/install/my_first_package_msgs/lib/libmy_first_package_msgs__rosidl_typesupport_fastrtps_c.so
[1.213s] -- Up-to-date: /home/mg0220/ros2_study/install/my_first_package_msgs/lib/libmy_first_package_msgs__rosidl_typesupport_introspection_c.so
[1.213s] -- Up-to-date: /home/mg0220/ros2_study/install/my_first_package_msgs/lib/libmy_first_package_msgs__rosidl_typesupport_c.so
[1.214s] -- Up-to-date: /home/mg0220/ros2_study/install/my_first_package_msgs/lib/libmy_first_package_msgs__rosidl_typesupport_fastrtps_cpp.so
[1.214s] -- Up-to-date: /home/mg0220/ros2_study/install/my_first_package_msgs/lib/libmy_first_package_msgs__rosidl_typesupport_introspection_cpp.so
[1.215s] -- Up-to-date: /home/mg0220/ros2_study/install/my_first_package_msgs/lib/libmy_first_package_msgs__rosidl_typesupport_cpp.so
[1.236s] Listing '/home/mg0220/ros2_study/install/my_first_package_msgs/local/lib/python3.10/dist-packages/my_first_package_msgs'...
[1.236s] Compiling '/home/mg0220/ros2_study/install/my_first_package_msgs/local/lib/python3.10/dist-packages/my_first_package_msgs/__init__.py'...
[1.236s] Listing '/home/mg0220/ros2_study/install/my_first_package_msgs/local/lib/python3.10/dist-packages/my_first_package_msgs/action'...
[1.236s] Listing '/home/mg0220/ros2_study/install/my_first_package_msgs/local/lib/python3.10/dist-packages/my_first_package_msgs/msg'...
[1.239s] -- Up-to-date: /home/mg0220/ros2_study/install/my_first_package_msgs/lib/libmy_first_package_msgs__rosidl_generator_py.so
[1.239s] -- Up-to-date: /home/mg0220/ros2_study/install/my_first_package_msgs/share/my_first_package_msgs/cmake/export_my_first_package_msgs__rosidl_generator_cExport.cmake
[1.240s] -- Up-to-date: /home/mg0220/ros2_study/install/my_first_package_msgs/share/my_first_package_msgs/cmake/export_my_first_package_msgs__rosidl_generator_cExport-noconfig.cmake
[1.240s] -- Up-to-date: /home/mg0220/ros2_study/install/my_first_package_msgs/share/my_first_package_msgs/cmake/export_my_first_package_msgs__rosidl_typesupport_fastrtps_cExport.cmake
[1.240s] -- Up-to-date: /home/mg0220/ros2_study/install/my_first_package_msgs/share/my_first_package_msgs/cmake/export_my_first_package_msgs__rosidl_typesupport_fastrtps_cExport-noconfig.cmake
[1.240s] -- Up-to-date: /home/mg0220/ros2_study/install/my_first_package_msgs/share/my_first_package_msgs/cmake/my_first_package_msgs__rosidl_typesupport_introspection_cExport.cmake
[1.240s] -- Up-to-date: /home/mg0220/ros2_study/install/my_first_package_msgs/share/my_first_package_msgs/cmake/my_first_package_msgs__rosidl_typesupport_introspection_cExport-noconfig.cmake
[1.240s] -- Up-to-date: /home/mg0220/ros2_study/install/my_first_package_msgs/share/my_first_package_msgs/cmake/my_first_package_msgs__rosidl_typesupport_cExport.cmake
[1.240s] -- Up-to-date: /home/mg0220/ros2_study/install/my_first_package_msgs/share/my_first_package_msgs/cmake/my_first_package_msgs__rosidl_typesupport_cExport-noconfig.cmake
[1.241s] -- Up-to-date: /home/mg0220/ros2_study/install/my_first_package_msgs/share/my_first_package_msgs/cmake/export_my_first_package_msgs__rosidl_generator_cppExport.cmake
[1.241s] -- Up-to-date: /home/mg0220/ros2_study/install/my_first_package_msgs/share/my_first_package_msgs/cmake/export_my_first_package_msgs__rosidl_typesupport_fastrtps_cppExport.cmake
[1.241s] -- Up-to-date: /home/mg0220/ros2_study/install/my_first_package_msgs/share/my_first_package_msgs/cmake/export_my_first_package_msgs__rosidl_typesupport_fastrtps_cppExport-noconfig.cmake
[1.241s] -- Up-to-date: /home/mg0220/ros2_study/install/my_first_package_msgs/share/my_first_package_msgs/cmake/my_first_package_msgs__rosidl_typesupport_introspection_cppExport.cmake
[1.241s] -- Up-to-date: /home/mg0220/ros2_study/install/my_first_package_msgs/share/my_first_package_msgs/cmake/my_first_package_msgs__rosidl_typesupport_introspection_cppExport-noconfig.cmake
[1.242s] -- Up-to-date: /home/mg0220/ros2_study/install/my_first_package_msgs/share/my_first_package_msgs/cmake/my_first_package_msgs__rosidl_typesupport_cppExport.cmake
[1.242s] -- Up-to-date: /home/mg0220/ros2_study/install/my_first_package_msgs/share/my_first_package_msgs/cmake/my_first_package_msgs__rosidl_typesupport_cppExport-noconfig.cmake
[1.242s] -- Up-to-date: /home/mg0220/ros2_study/install/my_first_package_msgs/share/my_first_package_msgs/cmake/export_my_first_package_msgs__rosidl_generator_pyExport.cmake
[1.242s] -- Up-to-date: /home/mg0220/ros2_study/install/my_first_package_msgs/share/my_first_package_msgs/cmake/export_my_first_package_msgs__rosidl_generator_pyExport-noconfig.cmake
[1.243s] Invoked command in '/home/mg0220/ros2_study/build/my_first_package_msgs' returned '0': CMAKE_PREFIX_PATH=${CMAKE_PREFIX_PATH}:/home/mg0220/ros2_study/install/my_first_package:/opt/ros/humble /usr/bin/cmake --install /home/mg0220/ros2_study/build/my_first_package_msgs
