[0.392s] Invoking command in '/home/mg0220/ros2_study/src/my_first_package': PYTHONPATH=/home/mg0220/ros2_study/src/build/my_first_package/prefix_override:/usr/lib/python3/dist-packages/colcon_core/task/python/colcon_distutils_commands:/home/mg0220/ros2_study/src/install/my_first_package/lib/python3.10/site-packages:${PYTHONPATH} /usr/bin/python3 -W ignore:setup.py install is deprecated -W ignore:easy_install command is deprecated setup.py egg_info --egg-base ../build/my_first_package build --build-base /home/mg0220/ros2_study/src/build/my_first_package/build install --record /home/mg0220/ros2_study/src/build/my_first_package/install.log --single-version-externally-managed install_data
[0.529s] running egg_info
[0.529s] creating ../build/my_first_package/my_first_package.egg-info
[0.529s] writing ../build/my_first_package/my_first_package.egg-info/PKG-INFO
[0.529s] writing dependency_links to ../build/my_first_package/my_first_package.egg-info/dependency_links.txt
[0.530s] writing entry points to ../build/my_first_package/my_first_package.egg-info/entry_points.txt
[0.530s] writing requirements to ../build/my_first_package/my_first_package.egg-info/requires.txt
[0.530s] writing top-level names to ../build/my_first_package/my_first_package.egg-info/top_level.txt
[0.530s] writing manifest file '../build/my_first_package/my_first_package.egg-info/SOURCES.txt'
[0.531s] reading manifest file '../build/my_first_package/my_first_package.egg-info/SOURCES.txt'
[0.531s] writing manifest file '../build/my_first_package/my_first_package.egg-info/SOURCES.txt'
[0.531s] running build
[0.531s] running build_py
[0.531s] creating /home/mg0220/ros2_study/src/build/my_first_package/build
[0.531s] creating /home/mg0220/ros2_study/src/build/my_first_package/build/lib
[0.532s] creating /home/mg0220/ros2_study/src/build/my_first_package/build/lib/my_first_package
[0.532s] copying my_first_package/my_subscriber.py -> /home/mg0220/ros2_study/src/build/my_first_package/build/lib/my_first_package
[0.532s] copying my_first_package/my_publisher.py -> /home/mg0220/ros2_study/src/build/my_first_package/build/lib/my_first_package
[0.532s] copying my_first_package/turtle_cmd_and_pose.py -> /home/mg0220/ros2_study/src/build/my_first_package/build/lib/my_first_package
[0.533s] copying my_first_package/__init__.py -> /home/mg0220/ros2_study/src/build/my_first_package/build/lib/my_first_package
[0.533s] copying my_first_package/my_first_node.py -> /home/mg0220/ros2_study/src/build/my_first_package/build/lib/my_first_package
[0.533s] running install
[0.533s] running install_lib
[0.533s] creating /home/mg0220/ros2_study/src/install/my_first_package/lib/python3.10/site-packages/my_first_package
[0.534s] copying /home/mg0220/ros2_study/src/build/my_first_package/build/lib/my_first_package/my_subscriber.py -> /home/mg0220/ros2_study/src/install/my_first_package/lib/python3.10/site-packages/my_first_package
[0.534s] copying /home/mg0220/ros2_study/src/build/my_first_package/build/lib/my_first_package/my_publisher.py -> /home/mg0220/ros2_study/src/install/my_first_package/lib/python3.10/site-packages/my_first_package
[0.534s] copying /home/mg0220/ros2_study/src/build/my_first_package/build/lib/my_first_package/turtle_cmd_and_pose.py -> /home/mg0220/ros2_study/src/install/my_first_package/lib/python3.10/site-packages/my_first_package
[0.534s] copying /home/mg0220/ros2_study/src/build/my_first_package/build/lib/my_first_package/__init__.py -> /home/mg0220/ros2_study/src/install/my_first_package/lib/python3.10/site-packages/my_first_package
[0.534s] copying /home/mg0220/ros2_study/src/build/my_first_package/build/lib/my_first_package/my_first_node.py -> /home/mg0220/ros2_study/src/install/my_first_package/lib/python3.10/site-packages/my_first_package
[0.534s] byte-compiling /home/mg0220/ros2_study/src/install/my_first_package/lib/python3.10/site-packages/my_first_package/my_subscriber.py to my_subscriber.cpython-310.pyc
[0.534s] byte-compiling /home/mg0220/ros2_study/src/install/my_first_package/lib/python3.10/site-packages/my_first_package/my_publisher.py to my_publisher.cpython-310.pyc
[0.535s] byte-compiling /home/mg0220/ros2_study/src/install/my_first_package/lib/python3.10/site-packages/my_first_package/turtle_cmd_and_pose.py to turtle_cmd_and_pose.cpython-310.pyc
[0.535s] byte-compiling /home/mg0220/ros2_study/src/install/my_first_package/lib/python3.10/site-packages/my_first_package/__init__.py to __init__.cpython-310.pyc
[0.535s] byte-compiling /home/mg0220/ros2_study/src/install/my_first_package/lib/python3.10/site-packages/my_first_package/my_first_node.py to my_first_node.cpython-310.pyc
[0.535s] running install_data
[0.535s] creating /home/mg0220/ros2_study/src/install/my_first_package/share/ament_index
[0.535s] creating /home/mg0220/ros2_study/src/install/my_first_package/share/ament_index/resource_index
[0.535s] creating /home/mg0220/ros2_study/src/install/my_first_package/share/ament_index/resource_index/packages
[0.536s] copying resource/my_first_package -> /home/mg0220/ros2_study/src/install/my_first_package/share/ament_index/resource_index/packages
[0.536s] copying package.xml -> /home/mg0220/ros2_study/src/install/my_first_package/share/my_first_package
[0.536s] running install_egg_info
[0.537s] Copying ../build/my_first_package/my_first_package.egg-info to /home/mg0220/ros2_study/src/install/my_first_package/lib/python3.10/site-packages/my_first_package-0.0.0-py3.10.egg-info
[0.537s] running install_scripts
[0.549s] Installing my_first_node script to /home/mg0220/ros2_study/src/install/my_first_package/lib/my_first_package
[0.549s] Installing my_publisher script to /home/mg0220/ros2_study/src/install/my_first_package/lib/my_first_package
[0.549s] Installing my_subscriber script to /home/mg0220/ros2_study/src/install/my_first_package/lib/my_first_package
[0.549s] Installing turtle_cmd_and_pose script to /home/mg0220/ros2_study/src/install/my_first_package/lib/my_first_package
[0.549s] writing list of installed files to '/home/mg0220/ros2_study/src/build/my_first_package/install.log'
[0.562s] Invoked command in '/home/mg0220/ros2_study/src/my_first_package' returned '0': PYTHONPATH=/home/mg0220/ros2_study/src/build/my_first_package/prefix_override:/usr/lib/python3/dist-packages/colcon_core/task/python/colcon_distutils_commands:/home/mg0220/ros2_study/src/install/my_first_package/lib/python3.10/site-packages:${PYTHONPATH} /usr/bin/python3 -W ignore:setup.py install is deprecated -W ignore:easy_install command is deprecated setup.py egg_info --egg-base ../build/my_first_package build --build-base /home/mg0220/ros2_study/src/build/my_first_package/build install --record /home/mg0220/ros2_study/src/build/my_first_package/install.log --single-version-externally-managed install_data
