[0.007s] Invoking command in '/home/mg0220/ros2_study/src/build/my_first_package_msgs': CMAKE_PREFIX_PATH=${CMAKE_PREFIX_PATH}:/home/mg0220/ros2_study/install/my_first_package:/opt/ros/humble /usr/bin/cmake --build /home/mg0220/ros2_study/src/build/my_first_package_msgs -- -j20 -l20
[0.027s] Invoked command in '/home/mg0220/ros2_study/src/build/my_first_package_msgs' returned '0': CMAKE_PREFIX_PATH=${CMAKE_PREFIX_PATH}:/home/mg0220/ros2_study/install/my_first_package:/opt/ros/humble /usr/bin/cmake --build /home/mg0220/ros2_study/src/build/my_first_package_msgs -- -j20 -l20
[0.032s] Invoking command in '/home/mg0220/ros2_study/src/build/my_first_package_msgs': CMAKE_PREFIX_PATH=${CMAKE_PREFIX_PATH}:/home/mg0220/ros2_study/install/my_first_package:/opt/ros/humble /usr/bin/cmake --install /home/mg0220/ros2_study/src/build/my_first_package_msgs
[0.037s] -- Install configuration: ""
[0.037s] -- Up-to-date: /home/mg0220/ros2_study/src/install/my_first_package_msgs/share/ament_index/resource_index/package_run_dependencies/my_first_package_msgs
[0.037s] -- Up-to-date: /home/mg0220/ros2_study/src/install/my_first_package_msgs/share/ament_index/resource_index/parent_prefix_path/my_first_package_msgs
[0.037s] -- Up-to-date: /home/mg0220/ros2_study/src/install/my_first_package_msgs/share/my_first_package_msgs/environment/ament_prefix_path.sh
[0.037s] -- Up-to-date: /home/mg0220/ros2_study/src/install/my_first_package_msgs/share/my_first_package_msgs/environment/ament_prefix_path.dsv
[0.037s] -- Up-to-date: /home/mg0220/ros2_study/src/install/my_first_package_msgs/share/my_first_package_msgs/environment/path.sh
[0.037s] -- Up-to-date: /home/mg0220/ros2_study/src/install/my_first_package_msgs/share/my_first_package_msgs/environment/path.dsv
[0.037s] -- Up-to-date: /home/mg0220/ros2_study/src/install/my_first_package_msgs/share/my_first_package_msgs/local_setup.bash
[0.037s] -- Up-to-date: /home/mg0220/ros2_study/src/install/my_first_package_msgs/share/my_first_package_msgs/local_setup.sh
[0.037s] -- Up-to-date: /home/mg0220/ros2_study/src/install/my_first_package_msgs/share/my_first_package_msgs/local_setup.zsh
[0.037s] -- Up-to-date: /home/mg0220/ros2_study/src/install/my_first_package_msgs/share/my_first_package_msgs/local_setup.dsv
[0.037s] -- Up-to-date: /home/mg0220/ros2_study/src/install/my_first_package_msgs/share/my_first_package_msgs/package.dsv
[0.037s] -- Up-to-date: /home/mg0220/ros2_study/src/install/my_first_package_msgs/share/ament_index/resource_index/packages/my_first_package_msgs
[0.037s] -- Up-to-date: /home/mg0220/ros2_study/src/install/my_first_package_msgs/share/my_first_package_msgs/cmake/my_first_package_msgsConfig.cmake
[0.037s] -- Up-to-date: /home/mg0220/ros2_study/src/install/my_first_package_msgs/share/my_first_package_msgs/cmake/my_first_package_msgsConfig-version.cmake
[0.038s] -- Up-to-date: /home/mg0220/ros2_study/src/install/my_first_package_msgs/share/my_first_package_msgs/package.xml
[0.038s] Invoked command in '/home/mg0220/ros2_study/src/build/my_first_package_msgs' returned '0': CMAKE_PREFIX_PATH=${CMAKE_PREFIX_PATH}:/home/mg0220/ros2_study/install/my_first_package:/opt/ros/humble /usr/bin/cmake --install /home/mg0220/ros2_study/src/build/my_first_package_msgs
